ENSMUSG00000003053	0	0	0	0	0	0	0	0	0	0
ENSMUSG00000024653	1	0	0	0	1	0	0	0	0	0
ENSMUSG00000024678	0	0	0	0	0	0	1	0	0	1
ENSMUSG00000024680	0	0	1	2	0	1	3	1	1	0
ENSMUSG00000024681	0	0	0	2	1	1	0	0	0	0
ENSMUSG00000024682	0	1	0	0	0	1	0	1	0	0
ENSMUSG00000024694	0	0	0	0	0	0	1	0	1	0
ENSMUSG00000024728	0	0	0	0	0	0	0	0	0	0
ENSMUSG00000024730	0	0	0	0	0	0	0	0	1	0
ENSMUSG00000024731	0	0	0	0	0	0	0	0	0	0
ENSMUSG00000024738	0	0	0	0	1	0	0	0	0	0
ENSMUSG00000024757	1	2	0	1	0	0	2	0	1	0
ENSMUSG00000024768	0	0	0	0	1	0	0	0	0	0
ENSMUSG00000024770	0	0	0	0	1	0	0	0	1	0
ENSMUSG00000024771	0	0	0	0	0	0	0	0	0	0
ENSMUSG00000024786	0	0	0	3	0	1	0	0	1	0
ENSMUSG00000024803	0	0	1	0	2	0	2	0	1	1
ENSMUSG00000024806	0	1	0	0	0	0	0	0	0	0
ENSMUSG00000024815	0	0	0	0	0	0	0	0	0	0
ENSMUSG00000024837	8	2	0	0	1	1	0	0	0	0
ENSMUSG00000024863	0	1	0	0	0	0	1	0	0	0
ENSMUSG00000024936	1	2	1	0	0	1	5	0	1	3
ENSMUSG00000024973	0	0	1	0	0	0	0	0	0	0
ENSMUSG00000024979	0	1	1	2	5	5	2	8	6	3
ENSMUSG00000024987	0	0	0	1	3	0	1	0	3	1
ENSMUSG00000025002	0	0	1	0	0	0	2	1	0	0
ENSMUSG00000025003	0	0	0	0	0	0	0	0	0	0
ENSMUSG00000025004	0	0	0	0	1	0	0	0	0	0
ENSMUSG00000025014	0	0	0	0	1	2	0	1	1	2
ENSMUSG00000025082	10	13	22	10	1	9	18	19	15	0
ENSMUSG00000025091	1	1	0	2	2	0	0	1	1	0
ENSMUSG00000025185	0	3	5	6	4	4	6	3	6	4
ENSMUSG00000025197	0	2	0	0	2	1	0	0	0	0
ENSMUSG00000032808	0	0	0	0	0	0	0	0	0	0
ENSMUSG00000035804	0	0	0	0	0	0	0	0	0	0
ENSMUSG00000037263	0	0	0	0	1	0	0	0	1	0
ENSMUSG00000037451	0	0	0	0	0	0	0	0	0	0
ENSMUSG00000037477	0	0	1	0	0	3	0	0	2	2
ENSMUSG00000038498	0	0	0	0	0	0	0	0	0	0
ENSMUSG00000039330	0	1	1	0	3	1	2	1	0	0
ENSMUSG00000040065	1	0	0	0	0	0	1	0	0	0
ENSMUSG00000041857	0	0	0	0	0	0	0	0	0	0
ENSMUSG00000042041	0	1	0	0	0	0	0	1	1	0
ENSMUSG00000042248	0	0	0	0	0	0	0	0	0	0
ENSMUSG00000044040	0	0	0	0	0	0	0	0	0	0
ENSMUSG00000044387	0	0	0	0	2	0	0	0	0	0
ENSMUSG00000044441	0	0	0	0	0	0	0	0	0	0
ENSMUSG00000044994	0	0	0	0	0	0	0	0	0	0
ENSMUSG00000045030	0	0	0	0	0	0	0	0	0	0
ENSMUSG00000045126	0	0	0	0	0	0	0	0	0	0
ENSMUSG00000045395	0	0	0	0	0	0	0	0	0	0
ENSMUSG00000045678	0	0	0	0	0	0	0	0	0	0
ENSMUSG00000045883	0	0	0	0	0	0	0	0	0	0
ENSMUSG00000046272	0	0	0	0	0	0	0	0	0	0
ENSMUSG00000046650	0	0	0	0	1	0	0	0	0	0
ENSMUSG00000046913	0	0	0	0	0	0	0	0	0	0
ENSMUSG00000047207	0	0	0	0	0	0	0	0	0	0
ENSMUSG00000047298	2	2	4	0	3	5	7	1	6	5
ENSMUSG00000048356	0	0	0	0	0	0	0	0	0	0
ENSMUSG00000048456	0	0	0	0	0	0	0	0	0	0
ENSMUSG00000049015	0	0	0	0	0	0	0	0	0	0
ENSMUSG00000049498	0	0	0	0	0	0	0	0	0	0
ENSMUSG00000050815	0	0	0	0	0	0	0	0	0	0
ENSMUSG00000051156	0	0	0	0	0	0	0	0	0	0
ENSMUSG00000052562	0	0	0	2	0	0	0	1	1	0
ENSMUSG00000053303	0	0	0	0	0	0	0	0	0	0
ENSMUSG00000054200	0	1	2	1	1	1	1	3	0	1
ENSMUSG00000054526	0	0	0	0	0	0	0	0	0	0
ENSMUSG00000054827	0	0	0	0	0	0	0	0	0	0
ENSMUSG00000055895	0	0	0	0	0	0	0	0	0	0
ENSMUSG00000055933	0	0	0	0	0	0	0	0	0	0
ENSMUSG00000056290	0	0	0	0	0	0	0	0	1	0
ENSMUSG00000056858	0	0	0	0	0	0	0	0	0	0
ENSMUSG00000057240	0	0	0	0	0	0	0	0	0	0
ENSMUSG00000057270	0	0	0	0	0	0	0	0	0	0
ENSMUSG00000057503	12	11	10	17	4	11	10	9	14	6
ENSMUSG00000057817	0	0	0	0	0	0	0	0	0	0
ENSMUSG00000058078	0	0	0	0	0	0	0	0	0	0
ENSMUSG00000058216	0	0	0	0	0	0	0	0	0	0
ENSMUSG00000058470	0	0	0	2	1	0	1	0	1	0
ENSMUSG00000059105	0	0	0	0	0	0	0	0	0	0
ENSMUSG00000060049	0	0	0	0	0	0	1	0	0	0
ENSMUSG00000060303	0	0	0	0	0	0	0	0	0	0
ENSMUSG00000060613	0	0	0	0	0	0	0	1	0	0
ENSMUSG00000061387	0	0	0	0	0	0	0	0	0	0
ENSMUSG00000061637	0	0	0	0	0	0	0	0	0	0
ENSMUSG00000062199	0	0	0	0	0	0	0	0	0	0
ENSMUSG00000062314	0	0	0	0	0	0	0	0	0	0
ENSMUSG00000062432	0	0	0	0	1	0	0	0	0	0
ENSMUSG00000062488	1	0	2	2	4	1	2	0	5	41
ENSMUSG00000062624	0	0	0	0	0	0	0	0	0	0
ENSMUSG00000062844	0	0	0	0	0	0	0	0	0	0
ENSMUSG00000062892	0	0	0	0	0	0	0	0	0	0
ENSMUSG00000063683	0	0	1	0	0	0	0	0	1	1
ENSMUSG00000063777	0	0	0	0	0	0	0	0	0	0
ENSMUSG00000064400	0	0	0	0	0	0	0	0	0	0
ENSMUSG00000064783	0	0	0	0	0	0	0	0	0	0
ENSMUSG00000064824	0	0	0	0	0	0	0	0	0	0
ENSMUSG00000064843	0	0	0	0	0	0	0	0	0	0
ENSMUSG00000065143	0	0	0	0	0	0	0	0	0	0
ENSMUSG00000065892	0	0	0	0	0	0	0	0	0	0
ENSMUSG00000067231	0	0	0	0	0	2	1	0	2	0
ENSMUSG00000067297	6	5	7	5	4	3	5	9	5	2
ENSMUSG00000067482	0	0	0	0	0	0	0	0	0	0
ENSMUSG00000067513	0	0	0	0	0	0	0	0	0	0
ENSMUSG00000067522	0	0	0	0	0	0	0	0	0	0
ENSMUSG00000067524	0	0	0	0	0	0	0	0	0	0
ENSMUSG00000067525	0	0	0	0	0	0	0	0	0	0
ENSMUSG00000067528	0	0	0	0	0	0	0	0	0	0
ENSMUSG00000067529	0	0	0	0	1	0	0	0	0	0
ENSMUSG00000067555	0	0	0	0	0	0	0	0	0	0
ENSMUSG00000067571	0	0	0	7	0	0	0	0	0	0
ENSMUSG00000067577	2	0	1	0	0	3	2	3	6	0
ENSMUSG00000069475	0	0	0	0	0	0	0	0	0	0
ENSMUSG00000071629	0	0	0	0	0	0	0	0	0	0
ENSMUSG00000071656	13	13	13	21	18	17	20	31	30	16
ENSMUSG00000074882	0	1	0	0	0	0	0	0	0	0
ENSMUSG00000074896	6	5	12	0	7	3	5	1	2	47
ENSMUSG00000074913	0	0	0	0	0	0	0	0	0	0
ENSMUSG00000076300	0	0	0	0	0	0	0	0	0	0
ENSMUSG00000076303	0	0	0	0	0	0	0	0	0	0
ENSMUSG00000076305	0	0	0	0	0	0	0	0	0	0
ENSMUSG00000077205	0	0	0	0	0	0	0	0	0	0
ENSMUSG00000077223	0	0	0	0	0	0	0	0	0	0
ENSMUSG00000077291	0	0	0	0	0	0	0	0	0	0
ENSMUSG00000077768	0	0	0	0	0	0	0	0	0	0
ENSMUSG00000079258	0	0	0	0	0	0	0	0	0	0
ENSMUSG00000079339	4	3	15	11	13	13	14	14	11	15
ENSMUSG00000079342	0	0	0	0	0	0	0	0	0	0
ENSMUSG00000079344	3	7	0	0	0	17	8	0	0	0
ENSMUSG00000079382	0	0	1	2	1	0	0	0	1	3
ENSMUSG00000080678	0	0	0	0	0	0	0	0	0	0
ENSMUSG00000081596	0	0	0	0	0	0	0	0	0	0
ENSMUSG00000083160	0	0	0	0	0	0	0	0	0	0
ENSMUSG00000084512	0	0	0	0	0	0	0	0	0	0
ENSMUSG00000084675	0	0	0	0	0	0	0	0	0	0
ENSMUSG00000084825	0	0	0	0	0	0	0	0	0	0
ENSMUSG00000084981	0	0	0	0	0	0	0	0	0	0
ENSMUSG00000085196	3	3	5	9	3	2	3	5	7	4
ENSMUSG00000085285	0	0	0	0	0	0	0	0	1	0
ENSMUSG00000085934	0	0	0	0	0	0	0	0	0	0
ENSMUSG00000086875	0	0	0	0	0	0	0	0	0	0
ENSMUSG00000087112	0	0	1	1	0	2	0	0	2	1
ENSMUSG00000087937	0	0	0	0	0	0	0	0	0	0
ENSMUSG00000088212	0	0	0	0	0	0	0	0	0	0
ENSMUSG00000088220	0	0	0	0	0	0	0	0	0	0
ENSMUSG00000088266	0	0	0	0	0	0	0	0	0	0
ENSMUSG00000088310	0	0	0	0	0	0	0	0	0	0
ENSMUSG00000088370	0	0	0	0	0	0	0	0	0	0
ENSMUSG00000088525	0	0	0	0	0	0	0	0	0	0
ENSMUSG00000088598	0	0	0	0	0	0	0	0	0	0
ENSMUSG00000088680	0	0	0	0	0	0	0	0	0	0
ENSMUSG00000088907	0	0	0	0	0	0	0	0	0	0
ENSMUSG00000088909	0	0	0	0	0	0	0	0	0	0
ENSMUSG00000088940	0	0	0	0	0	0	0	0	0	0
ENSMUSG00000089016	0	0	0	0	0	0	0	0	0	0
ENSMUSG00000089087	0	0	0	0	0	0	0	0	0	0
ENSMUSG00000089094	0	0	0	0	0	0	0	0	0	0
ENSMUSG00000089143	0	0	0	0	0	0	0	0	0	0
ENSMUSG00000089397	0	0	0	0	0	0	0	0	0	0
ENSMUSG00000089625	0	0	0	0	0	0	0	0	0	0
ENSMUSG00000090965	8	2	2	4	0	0	2	0	1	4
ENSMUSG00000091014	0	0	0	0	0	0	0	0	0	0
ENSMUSG00000091378	1	1	1	2	1	0	0	2	5	0
ENSMUSG00000092008	0	0	0	0	0	0	0	0	0	0
ENSMUSG00000092250	10	6	6	6	0	1	4	0	0	0
ENSMUSG00000092715	0	0	0	0	0	0	0	0	0	0
ENSMUSG00000092871	0	0	0	0	0	0	0	0	0	0
ENSMUSG00000093236	0	0	0	0	0	0	0	0	0	0
ENSMUSG00000093303	0	0	0	0	0	0	0	0	0	0
ENSMUSG00000093373	0	0	0	0	0	0	0	0	0	0
ENSMUSG00000093610	0	0	0	0	0	0	0	0	0	0
ENSMUSG00000094077	0	0	0	0	0	0	0	0	0	0
ENSMUSG00000094133	0	0	0	0	0	0	0	0	0	0
ENSMUSG00000094219	0	0	1	1	0	1	0	0	0	0
ENSMUSG00000094584	0	0	0	0	0	0	0	0	0	0
ENSMUSG00000094707	0	0	2	1	9	3	1	2	2	0
ENSMUSG00000094721	0	0	0	0	0	0	0	0	0	0
ENSMUSG00000094755	0	0	0	0	0	0	0	0	0	0
ENSMUSG00000094846	0	0	0	0	0	0	0	0	0	0
ENSMUSG00000094850	0	0	0	0	0	0	0	0	0	0
ENSMUSG00000094986	0	0	0	0	0	0	0	0	0	0
ENSMUSG00000095189	0	0	0	0	0	0	0	0	0	0
ENSMUSG00000095484	0	0	0	0	0	0	0	0	0	0
ENSMUSG00000095640	0	0	0	0	0	0	0	0	0	0
ENSMUSG00000095993	0	0	0	0	0	0	0	0	0	0
ENSMUSG00000096249	0	0	0	0	0	0	0	0	0	0
ENSMUSG00000096273	0	0	0	0	0	0	0	0	0	0
ENSMUSG00000096289	0	0	0	0	0	0	0	0	0	0
ENSMUSG00000096298	0	0	0	0	0	0	0	0	0	0
ENSMUSG00000096320	0	0	0	0	0	0	0	0	0	0
ENSMUSG00000096365	0	0	0	0	0	0	0	0	0	0
ENSMUSG00000096485	0	0	0	0	0	0	0	0	0	0
ENSMUSG00000096704	0	0	0	0	0	0	0	0	0	0
ENSMUSG00000096708	0	0	0	0	0	0	0	0	0	0
ENSMUSG00000096774	0	0	0	0	0	0	0	0	0	0
ENSMUSG00000096796	0	0	0	0	0	0	0	0	0	0
ENSMUSG00000096818	0	0	0	0	0	0	0	0	0	0
ENSMUSG00000096872	0	0	0	0	0	0	0	0	0	0
ENSMUSG00000097646	0	0	0	0	0	0	0	0	0	0
ENSMUSG00000097740	4	1	1	2	3	0	0	1	1	0
ENSMUSG00000098074	0	0	0	0	0	0	0	0	0	0
ENSMUSG00000098289	0	0	0	0	0	0	0	0	0	0
ENSMUSG00000098507	0	0	0	0	0	0	0	0	0	0
ENSMUSG00000098742	0	0	0	0	0	0	0	0	0	0
ENSMUSG00000098865	0	0	0	0	0	0	0	0	0	0
ENSMUSG00000099398	3	1	5	4	3	6	4	0	0	0
ENSMUSG00000099678	0	0	0	0	0	0	0	0	0	0
ENSMUSG00000100001	0	0	0	0	0	0	1	0	1	0
ENSMUSG00000100119	0	0	0	0	0	0	0	0	0	0
ENSMUSG00000100141	3	2	3	3	0	6	1	0	2	1
ENSMUSG00000100392	0	0	0	0	0	0	0	0	0	0
ENSMUSG00000100918	0	0	0	0	0	0	0	0	0	0
ENSMUSG00000101084	0	0	0	0	0	0	0	0	0	0
ENSMUSG00000101088	0	0	0	0	0	0	0	0	0	0
ENSMUSG00000101089	0	0	0	0	0	0	0	0	0	0
ENSMUSG00000101264	0	0	0	0	0	0	0	0	0	0
ENSMUSG00000101398	0	0	0	0	0	0	0	0	0	0
ENSMUSG00000103488	0	0	0	0	0	0	0	0	0	0
ENSMUSG00000104921	0	0	0	0	0	0	0	0	0	0
ENSMUSG00000108881	0	0	0	0	0	0	0	0	0	0
ENSMUSG00000108887	0	0	0	0	0	0	0	0	0	0
ENSMUSG00000108889	0	0	1	0	0	0	0	0	0	0
ENSMUSG00000108945	0	0	0	0	0	0	0	0	0	0
ENSMUSG00000108947	0	0	0	0	0	0	0	0	0	0
ENSMUSG00000108966	0	0	0	0	0	0	0	0	0	0
ENSMUSG00000108974	0	0	0	0	0	0	0	0	0	0
ENSMUSG00000109007	0	0	0	0	0	0	0	0	0	0
ENSMUSG00000109022	0	0	0	0	0	0	0	0	0	0
ENSMUSG00000109030	0	0	0	0	0	0	0	0	0	0
ENSMUSG00000109047	0	0	0	0	0	0	0	0	0	0
ENSMUSG00000109100	0	0	0	0	0	0	0	0	0	0
ENSMUSG00000109126	0	0	0	0	0	0	0	0	0	0
ENSMUSG00000109148	0	0	0	0	0	0	0	0	0	0
ENSMUSG00000109184	0	0	0	0	0	0	0	0	0	0
ENSMUSG00000109189	0	0	0	0	0	0	0	0	0	0
ENSMUSG00000109223	0	0	0	0	0	0	0	0	0	0
ENSMUSG00000109229	0	0	0	0	0	0	0	0	0	0
ENSMUSG00000109230	0	0	0	0	0	0	0	0	0	0
ENSMUSG00000109285	0	0	0	0	0	0	0	0	0	0
ENSMUSG00000109309	0	0	0	0	0	0	0	0	0	0
ENSMUSG00000109319	0	0	0	0	0	0	0	0	0	0
ENSMUSG00000109328	0	0	0	0	0	0	0	0	0	0
ENSMUSG00000109343	0	0	0	0	0	0	0	0	0	0
ENSMUSG00000109410	0	0	0	0	0	0	0	0	0	0
ENSMUSG00000109415	0	0	0	0	0	0	0	0	0	0
ENSMUSG00000109417	0	0	0	0	0	0	0	0	0	0
ENSMUSG00000109433	0	0	0	0	0	0	0	0	0	0
ENSMUSG00000109496	0	0	0	0	0	0	0	0	0	0
ENSMUSG00000109520	0	0	0	0	0	0	0	0	0	0
ENSMUSG00000109527	0	0	0	0	0	0	0	0	0	0
ENSMUSG00000109530	0	0	0	0	0	0	0	0	0	0
ENSMUSG00000109544	0	0	0	0	0	0	0	0	0	0
ENSMUSG00000109573	0	0	0	0	0	0	0	0	0	0
ENSMUSG00000110210	1	0	0	0	0	1	0	0	0	0
ENSMUSG00000114673	0	0	0	0	0	0	0	0	0	0
ENSMUSG00000114682	0	0	0	0	0	0	1	0	0	0
ENSMUSG00000114772	0	0	0	0	0	0	0	0	0	0
ENSMUSG00000117664	0	0	0	0	0	0	1	0	0	0
ENSMUSG00000117675	0	0	0	0	0	0	0	0	0	0
ENSMUSG00000117681	0	0	0	0	0	0	0	0	0	0
ENSMUSG00000117685	0	0	0	0	0	0	0	0	0	0
ENSMUSG00000117687	0	0	0	0	0	0	0	0	0	0
ENSMUSG00000117690	0	0	0	0	0	0	0	0	0	0
ENSMUSG00000117692	0	0	0	0	0	0	0	0	0	0
ENSMUSG00000117693	0	0	0	0	0	0	0	0	0	0
ENSMUSG00000117695	0	0	0	0	1	1	0	0	0	0
ENSMUSG00000117696	1	0	0	0	0	0	0	0	0	3
ENSMUSG00000117697	0	0	0	0	0	0	0	0	0	0
ENSMUSG00000117700	0	0	0	0	0	0	0	0	0	0
ENSMUSG00000117702	0	0	0	0	0	0	0	0	0	0
ENSMUSG00000117703	0	0	0	0	0	0	0	0	0	0
ENSMUSG00000117707	0	0	0	0	0	0	0	0	0	0
ENSMUSG00000117720	0	0	0	0	0	0	0	0	0	0
ENSMUSG00000117738	0	0	0	0	0	0	0	0	0	0
ENSMUSG00000117755	0	0	0	0	0	0	0	0	0	0
ENSMUSG00000117756	0	0	0	0	0	0	0	0	0	0
ENSMUSG00000117763	9	3	10	21	24	5	5	4	7	2
ENSMUSG00000117774	0	0	0	0	0	0	0	0	0	0
ENSMUSG00000117790	0	0	0	0	0	0	0	0	0	0
ENSMUSG00000117796	0	0	0	0	0	0	0	0	0	0
ENSMUSG00000117800	0	0	0	0	0	0	0	0	0	0
ENSMUSG00000117803	0	0	0	0	0	0	0	0	0	0
ENSMUSG00000117806	0	0	0	0	0	0	0	0	0	0
ENSMUSG00000117807	2	2	3	3	2	5	1	3	7	6
ENSMUSG00000117821	0	0	0	0	0	0	0	0	0	0
ENSMUSG00000117823	0	0	0	0	0	0	0	0	1	0
ENSMUSG00000117827	0	0	0	0	0	0	0	0	0	0
ENSMUSG00000117837	0	0	0	0	0	0	0	0	0	0
ENSMUSG00000117845	0	0	0	0	0	0	0	0	0	0
ENSMUSG00000117859	0	0	0	0	0	0	0	0	0	0
ENSMUSG00000117865	0	0	0	1	1	0	0	0	0	0
ENSMUSG00000117867	0	0	0	0	0	0	0	0	0	0
ENSMUSG00000117883	0	0	0	0	0	0	0	0	0	0
ENSMUSG00000117890	0	0	0	0	0	0	0	0	0	0
ENSMUSG00000117909	0	0	0	0	0	0	0	0	0	0
ENSMUSG00000117911	0	0	0	0	2	1	0	0	0	0
ENSMUSG00000117920	0	1	0	1	1	0	0	0	0	0
ENSMUSG00000117921	1	0	0	0	0	0	0	0	0	0
ENSMUSG00000117927	0	0	0	0	0	0	0	2	1	0
ENSMUSG00000117931	0	0	0	0	0	0	0	0	0	0
ENSMUSG00000117938	0	0	0	0	0	0	0	0	0	0
ENSMUSG00000117941	0	0	0	0	0	0	0	0	0	0
ENSMUSG00000117945	0	0	0	0	0	0	0	0	0	0
ENSMUSG00000117946	0	0	0	0	0	0	0	0	0	0
ENSMUSG00000117950	0	0	0	0	1	0	0	0	0	0
ENSMUSG00000117953	0	0	0	0	0	0	0	0	0	0
ENSMUSG00000117958	0	0	0	0	0	0	0	0	0	0
ENSMUSG00000117973	0	0	0	0	0	0	0	0	0	0
ENSMUSG00000117979	0	2	1	2	1	0	0	2	1	1
ENSMUSG00000117989	0	0	0	0	0	0	0	0	0	0
ENSMUSG00000117990	0	1	0	2	0	1	1	0	1	0
ENSMUSG00000117991	0	0	0	0	0	0	0	0	0	0
ENSMUSG00000117995	2	1	1	0	0	1	1	1	2	0
ENSMUSG00000117996	0	0	0	0	0	0	0	0	0	0
ENSMUSG00000117998	0	0	2	0	2	0	0	0	1	0
ENSMUSG00000118001	0	0	0	1	1	1	0	0	1	0
ENSMUSG00000118003	0	0	0	0	0	0	0	0	0	0
ENSMUSG00000118005	0	0	0	0	0	0	0	0	0	0
ENSMUSG00000118009	0	0	0	0	0	0	0	0	0	0
ENSMUSG00000118014	0	0	0	0	0	0	0	0	0	0
ENSMUSG00000118016	0	0	0	0	0	0	0	0	0	0
ENSMUSG00000118020	0	2	1	0	1	1	0	1	0	4
ENSMUSG00000118031	0	0	0	0	0	0	0	0	0	0
ENSMUSG00000118032	0	0	0	0	0	0	0	0	0	0
ENSMUSG00000118033	1	3	1	1	0	4	3	1	2	1
ENSMUSG00000118036	0	0	0	0	0	0	0	0	0	0
ENSMUSG00000118038	1	0	0	0	1	0	2	0	2	2
ENSMUSG00000118044	0	0	0	0	0	0	0	0	0	0
ENSMUSG00000118047	0	0	0	0	0	0	0	0	0	0
ENSMUSG00000118048	0	0	0	0	0	0	0	0	0	0
ENSMUSG00000118055	0	0	0	0	0	0	0	0	0	0
ENSMUSG00000118059	0	0	0	0	0	0	0	0	0	0
ENSMUSG00000118062	0	0	1	0	0	0	0	0	0	0
ENSMUSG00000118066	0	0	0	0	0	0	0	0	0	0
ENSMUSG00000118067	0	0	0	0	0	0	0	0	0	0
ENSMUSG00000118072	0	0	0	0	0	0	0	0	0	0
ENSMUSG00000118076	0	0	0	0	0	0	0	0	0	0
ENSMUSG00000118079	0	0	0	0	0	0	0	0	0	0
ENSMUSG00000118086	2	1	1	2	1	2	2	2	1	2
ENSMUSG00000118090	0	0	0	0	0	0	0	0	0	0
ENSMUSG00000118093	2	6	1	4	4	3	3	2	2	1
ENSMUSG00000118109	0	0	0	0	0	0	0	0	0	0
ENSMUSG00000118111	0	0	0	0	0	0	0	0	0	0
ENSMUSG00000118114	0	0	0	0	0	0	0	0	0	0
ENSMUSG00000118115	0	0	0	0	0	0	0	0	0	0
ENSMUSG00000118118	0	0	0	0	0	0	0	0	0	0
ENSMUSG00000118121	0	0	0	0	0	0	0	0	0	0
ENSMUSG00000118128	51	35	29	27	14	48	41	25	28	31
ENSMUSG00000118129	0	0	0	0	0	0	0	0	0	0
ENSMUSG00000118146	0	0	0	0	0	0	0	0	0	0
ENSMUSG00000118149	0	0	0	0	0	0	0	0	0	0
ENSMUSG00000118150	0	0	1	0	0	0	0	0	0	0
ENSMUSG00000118158	0	0	0	0	0	0	0	0	0	0
ENSMUSG00000118165	1	0	0	1	0	1	0	0	1	0
ENSMUSG00000118168	0	2	0	1	1	0	0	0	0	2
ENSMUSG00000118173	0	0	0	0	0	0	0	0	3	0
ENSMUSG00000118174	0	0	0	0	0	0	1	0	0	0
ENSMUSG00000118178	0	0	0	0	0	0	0	0	0	0
ENSMUSG00000118190	0	0	0	0	0	0	0	0	0	0
ENSMUSG00000118192	0	0	0	0	0	0	0	0	0	0
ENSMUSG00000118196	0	0	0	0	1	0	2	2	1	0
ENSMUSG00000118203	0	0	0	0	0	0	0	0	0	0
ENSMUSG00000118207	0	0	0	0	0	0	0	0	0	0
ENSMUSG00000118212	0	0	0	1	2	0	1	3	0	0
ENSMUSG00000118213	0	0	0	0	0	0	0	0	0	0
ENSMUSG00000118217	0	1	1	0	0	0	1	0	1	1
ENSMUSG00000118221	0	0	0	0	0	0	0	0	0	0
ENSMUSG00000118223	0	0	0	0	0	0	0	0	0	0
ENSMUSG00000118226	1	0	0	0	0	1	0	0	0	0
ENSMUSG00000118233	0	0	0	0	0	0	0	0	0	0
ENSMUSG00000118236	0	1	1	1	1	0	1	0	0	0
ENSMUSG00000118237	0	0	0	0	0	0	0	0	0	0
ENSMUSG00000118248	0	0	0	0	0	0	0	0	0	0
ENSMUSG00000118253	0	0	0	0	0	0	0	0	0	0
ENSMUSG00000118260	0	0	0	0	0	0	0	0	0	0
ENSMUSG00000118273	0	0	0	0	0	1	0	1	0	0
ENSMUSG00000118289	0	0	0	0	0	0	0	0	0	0
ENSMUSG00000118305	0	0	0	0	0	0	0	0	0	0
ENSMUSG00000118308	0	0	0	0	0	0	0	0	0	0
ENSMUSG00000118312	0	0	0	0	0	0	0	0	0	0
ENSMUSG00000118314	2	0	5	0	2	1	0	1	1	2
ENSMUSG00000118320	0	0	0	0	0	0	0	0	0	0
ENSMUSG00000118324	0	0	0	0	0	0	0	0	0	0
ENSMUSG00000118329	0	0	0	0	0	0	0	0	0	0
ENSMUSG00000118335	0	0	0	0	0	0	0	0	0	0
ENSMUSG00000118338	0	0	0	0	0	0	0	0	0	0
ENSMUSG00000118342	0	0	0	0	0	0	0	0	0	0
ENSMUSG00000118350	0	0	0	0	0	0	0	0	0	0
ENSMUSG00000118355	0	0	0	0	0	0	0	0	0	0
ENSMUSG00000118366	0	0	0	0	0	0	0	0	1	1
ENSMUSG00000118367	0	0	0	0	0	0	0	0	0	0
ENSMUSG00000118374	0	0	0	0	0	0	0	0	0	0
ENSMUSG00000118378	0	0	0	0	0	0	1	0	1	1
ENSMUSG00000118381	0	0	0	0	0	0	0	0	0	0
MSTRG.1	24	22	16	20	23	30	23	16	19	35
MSTRG.10	21	13	40	24	24	22	22	38	21	17
MSTRG.100	184	157	172	142	139	180	182	218	172	186
MSTRG.1000	101	81	72	52	54	83	81	61	67	264
MSTRG.1001	0	0	0	0	0	0	0	0	0	0
MSTRG.1002	1	2	1	0	2	1	0	0	0	1
MSTRG.1003	637	573	901	1136	2000	555	717	531	1327	2048
MSTRG.1004	0	0	0	0	0	0	0	0	0	0
MSTRG.1005	943	857	879	628	876	811	691	521	534	835
MSTRG.1006	7	1	1	3	17	0	1	0	7	23
MSTRG.1007	0	0	0	0	0	0	0	0	0	0
MSTRG.1008	504	482	437	493	345	500	392	292	338	413
MSTRG.1009	4	8	7	3	0	9	7	6	4	9
MSTRG.101	224	168	234	230	148	236	221	192	225	169
MSTRG.1010	32	28	23	28	33	12	12	13	27	108
MSTRG.1011	0	1	0	0	0	0	0	1	0	0
MSTRG.1012	0	0	0	0	0	0	0	0	0	4
MSTRG.1013	17	13	50	48	101	8	42	21	80	597
MSTRG.1014	1469	1207	910	725	547	941	1017	978	735	424
MSTRG.1015	3	2	7	7	5	3	2	6	5	7
MSTRG.1016	3100	2136	2434	1918	1105	2940	1747	1378	1489	1317
MSTRG.1017	380	198	86	97	69	50	39	34	46	53
MSTRG.1018	0	0	0	0	1	0	0	0	0	0
MSTRG.1019	3	1	0	4	6	0	0	0	3	1
MSTRG.102	8	5	20	13	8	11	10	8	5	7
MSTRG.1020	1006	762	671	522	910	872	639	581	627	714
MSTRG.1021	828	724	786	969	705	730	581	735	773	768
MSTRG.1022	1186	1022	1262	1268	974	1354	1113	1135	1210	751
MSTRG.1023	0	0	0	0	0	0	0	0	1	0
MSTRG.1024	0	0	0	1	0	0	0	0	0	0
MSTRG.1025	1	4	1	0	0	1	2	2	1	0
MSTRG.1026	105	150	270	247	434	182	346	324	358	148
MSTRG.1027	7	3	13	4	2	7	10	8	2	1
MSTRG.1028	720	797	792	1083	1894	900	930	884	1177	1501
MSTRG.1029	0	2	6	5	8	0	4	2	1	3
MSTRG.103	9	10	16	27	43	12	12	19	30	4
MSTRG.1030	7	15	16	18	17	5	4	5	7	8
MSTRG.1031	1	1	1	9	54	1	1	0	1	2
MSTRG.1032	152	141	240	408	783	251	219	373	420	352
MSTRG.1033	579	464	431	383	358	574	452	420	460	463
MSTRG.1034	606	604	669	659	1098	758	686	934	755	858
MSTRG.1035	0	0	3	0	0	6	2	6	1	1
MSTRG.1036	1423	2130	240	786	1005	5820	3930	7084	5733	1165
MSTRG.1037	2	1	0	1	1	1	0	2	1	1
MSTRG.1038	0	0	0	0	0	1	1	0	0	0
MSTRG.1039	88	45	33	120	37	137	35	35	63	42
MSTRG.104	267	347	412	433	688	438	467	562	596	1234
MSTRG.1040	1	4	9	2	0	1	0	8	4	0
MSTRG.1041	13	16	11	16	6	24	20	26	28	4
MSTRG.1042	1	0	0	0	0	0	0	0	0	0
MSTRG.1043	167	158	126	169	114	138	172	208	234	42
MSTRG.1044	4	4	5	9	19	8	7	6	24	2
MSTRG.1045	221	157	170	219	187	175	180	134	188	139
MSTRG.1046	745	577	532	524	325	650	480	307	489	539
MSTRG.1047	28	41	41	78	250	9	10	41	45	41
MSTRG.1048	0	1	2	0	0	0	1	0	0	1
MSTRG.1049	1054	956	1100	932	949	1204	823	469	713	1112
MSTRG.105	5	4	10	23	13	23	28	21	42	10
MSTRG.1050	15	28	41	31	14	22	21	58	38	9
MSTRG.1051	119	159	341	296	387	178	264	275	353	891
MSTRG.1052	0	0	0	0	0	0	0	0	0	5
MSTRG.1053	937	1463	2426	3054	2112	1922	2198	2425	3134	4297
MSTRG.1054	0	0	0	0	0	0	0	0	0	0
MSTRG.1055	16	23	35	43	38	19	17	27	28	51
MSTRG.1056	3	2	7	13	2	4	3	1	6	5
MSTRG.1057	761	774	783	763	560	730	723	546	624	614
MSTRG.1058	0	0	0	0	0	0	0	0	0	0
MSTRG.1059	327	420	488	691	364	356	396	437	558	388
MSTRG.106	246	282	280	266	367	240	259	266	302	306
MSTRG.1060	2	3	1	5	8	5	3	13	12	5
MSTRG.1061	0	0	1	0	1	3	0	0	0	0
MSTRG.1062	0	0	0	0	0	1	0	0	0	0
MSTRG.1063	1138	1211	1126	1360	2191	1621	1422	952	1378	1242
MSTRG.1064	3	4	4	2	2	4	4	0	1	5
MSTRG.1065	0	0	0	0	0	0	0	0	0	0
MSTRG.1066	0	3	0	1	0	0	1	0	2	0
MSTRG.1067	0	0	0	0	0	1	1	0	0	0
MSTRG.1068	4	9	7	22	22	25	36	73	64	18
MSTRG.1069	26	20	29	36	32	73	76	60	68	21
MSTRG.107	626	643	714	694	927	655	729	701	804	606
MSTRG.1070	303	296	397	452	648	924	952	743	908	499
MSTRG.1071	0	0	1	0	1	1	0	0	3	2
MSTRG.1072	1	0	6	4	5	3	3	4	3	0
MSTRG.1073	1	2	0	1	0	1	2	3	0	0
MSTRG.1074	0	0	0	0	2	1	0	1	1	0
MSTRG.1075	0	0	0	0	0	0	0	0	0	0
MSTRG.1076	0	3	0	1	0	0	0	0	2	1
MSTRG.1077	1269	1707	2329	2515	4461	1999	2018	2185	2760	3096
MSTRG.1078	0	2	3	0	2	4	2	0	0	0
MSTRG.1079	0	2	0	0	0	0	0	0	0	0
MSTRG.108	0	0	0	0	0	0	0	0	0	0
MSTRG.1080	0	0	0	0	0	0	0	0	0	0
MSTRG.1081	31	32	35	22	43	14	14	27	37	33
MSTRG.1082	65	67	70	42	19	29	28	3	14	25
MSTRG.1083	2418	3202	4981	5027	1520	2161	1859	3113	2950	950
MSTRG.1084	23	36	23	32	22	1	7	3	2	11
MSTRG.1085	153	124	70	94	37	130	98	104	107	77
MSTRG.1086	77	76	36	40	8	24	1	4	4	0
MSTRG.1087	1	0	0	0	0	0	0	0	0	0
MSTRG.1088	1	0	0	2	0	0	0	1	0	0
MSTRG.1089	0	0	0	0	0	0	1	2	0	0
MSTRG.109	955	804	655	636	653	893	874	935	878	562
MSTRG.1090	1	19	16	43	0	38	21	12	47	0
MSTRG.1091	0	0	0	0	1	0	0	0	0	0
MSTRG.1092	774	630	356	240	272	828	549	656	861	726
MSTRG.1093	884	821	962	1009	1440	1014	900	681	1189	1192
MSTRG.1094	4927	4020	3051	2675	1042	3592	3401	4453	2542	1133
MSTRG.1095	0	0	0	0	1	0	0	0	0	0
MSTRG.1096	2	0	1	1	0	2	1	0	0	0
MSTRG.1097	681	427	344	275	140	432	408	332	173	23
MSTRG.1098	131	78	49	40	37	50	82	45	42	10
MSTRG.1099	20	13	18	15	12	20	11	4	5	10
MSTRG.11	14	20	25	22	17	7	15	7	14	5
MSTRG.110	2	3	7	2	2	3	7	2	10	1
MSTRG.1100	901	857	1080	1318	1335	1037	872	637	1015	798
MSTRG.1101	0	0	1	0	2	1	1	0	2	2
MSTRG.1102	2	0	3	3	0	2	2	0	0	1
MSTRG.1103	0	0	0	0	0	0	2	0	0	1
MSTRG.1104	0	1	2	0	0	0	2	1	0	0
MSTRG.1105	2	4	3	0	3	1	7	0	0	1
MSTRG.1106	305	150	74	45	13	24	20	16	4	2
MSTRG.1107	4	3	4	7	2	11	3	5	9	0
MSTRG.1108	358	276	273	288	235	771	436	321	366	358
MSTRG.1109	0	2	0	0	3	0	1	0	2	0
MSTRG.111	194	252	326	354	315	260	270	376	267	443
MSTRG.1110	3	3	2	4	3	7	8	11	11	4
MSTRG.1111	893	741	701	699	708	931	711	491	674	659
MSTRG.1112	0	0	0	0	0	0	0	0	0	0
MSTRG.1113	353	430	437	455	430	576	566	572	593	280
MSTRG.1114	6324	5007	5902	5754	4608	6961	4417	3505	4440	3555
MSTRG.1115	0	0	0	0	0	0	0	0	0	0
MSTRG.1116	0	0	0	0	0	0	0	0	0	0
MSTRG.1117	368	345	374	451	459	405	307	299	441	635
MSTRG.1118	0	0	0	0	0	0	0	0	0	0
MSTRG.1119	109	86	82	101	181	131	98	115	87	244
MSTRG.112	535	516	519	540	349	556	504	735	491	360
MSTRG.1120	1	2	3	1	1	1	1	0	1	4
MSTRG.1121	441	380	339	566	728	340	496	514	641	762
MSTRG.1122	391	383	457	427	400	462	393	314	331	626
MSTRG.1123	651	372	391	398	440	497	371	190	482	693
MSTRG.1124	2	1	2	2	3	3	1	0	1	1
MSTRG.1125	0	0	0	0	0	0	0	0	0	0
MSTRG.1126	629	555	573	507	525	667	471	261	393	889
MSTRG.1127	0	0	0	0	0	0	0	0	0	0
MSTRG.1128	451	437	242	330	243	554	440	369	391	292
MSTRG.1129	136	100	96	88	68	106	114	201	104	91
MSTRG.113	92	122	244	286	387	152	219	324	317	199
MSTRG.1130	46	29	36	25	18	37	36	28	34	7
MSTRG.1131	365	411	403	498	315	433	674	793	673	246
MSTRG.1132	2	0	2	3	0	2	3	8	1	2
MSTRG.1133	1	0	0	0	6	0	0	0	0	0
MSTRG.1134	0	0	0	0	0	0	0	0	0	0
MSTRG.1135	17	0	9	0	18	0	0	10	0	40
MSTRG.1136	4	1	0	0	3	0	0	1	0	7
MSTRG.1137	3	6	0	0	0	3	3	1	0	1
MSTRG.114	28	32	75	95	43	46	63	66	86	18
MSTRG.115	3	9	10	7	7	8	6	3	16	3
MSTRG.116	0	0	0	1	2	1	0	0	0	0
MSTRG.117	240	266	335	374	290	164	250	415	458	212
MSTRG.118	0	0	0	0	0	0	0	0	0	2
MSTRG.119	680	660	634	658	1226	732	743	1058	1026	972
MSTRG.12	13	16	11	13	7	11	10	8	14	17
MSTRG.120	62	58	73	86	580	71	68	41	39	39
MSTRG.121	242	259	470	271	116	249	507	176	257	42
MSTRG.122	64	154	345	562	2792	96	288	1022	1131	1368
MSTRG.123	6	5	5	10	9	6	12	11	16	7
MSTRG.124	198	177	142	144	143	116	160	145	203	236
MSTRG.125	3465	4176	4269	4409	4258	2662	4089	6241	4366	1565
MSTRG.126	995	1217	1340	1605	2614	1383	1513	2157	1898	2865
MSTRG.127	24	15	22	25	17	25	22	35	24	19
MSTRG.128	1136	1449	1885	2084	1594	1590	1923	2411	2633	649
MSTRG.129	0	0	0	0	0	0	0	0	0	0
MSTRG.13	9	8	9	5	1	7	10	6	1	10
MSTRG.130	0	0	0	0	0	0	0	0	0	0
MSTRG.131	5458	4701	4147	3884	3176	5395	4225	4434	3529	3382
MSTRG.132	3	1	2	1	3	4	4	0	2	6
MSTRG.133	232	264	305	394	531	185	320	434	408	227
MSTRG.134	3	1	0	1	0	2	2	0	0	0
MSTRG.135	1	3	13	9	33	4	10	17	20	23
MSTRG.136	929	1003	791	847	407	580	766	1009	758	366
MSTRG.137	457	360	211	219	246	409	314	332	233	287
MSTRG.138	1167	1109	1085	922	655	1388	989	1219	911	834
MSTRG.139	6	6	8	15	10	8	6	10	18	9
MSTRG.14	233	222	208	188	167	214	189	204	208	188
MSTRG.140	3	3	1	1	5	1	1	4	0	3
MSTRG.141	0	0	0	0	0	0	0	0	0	0
MSTRG.142	1551	1817	1761	1682	1152	1190	1564	2642	1597	938
MSTRG.143	383	430	407	394	474	286	468	523	456	383
MSTRG.144	563	432	330	419	285	337	369	442	443	286
MSTRG.145	1	0	2	0	2	1	0	2	0	1
MSTRG.146	270	327	299	420	555	237	354	518	425	490
MSTRG.147	647	692	523	590	308	510	712	782	685	454
MSTRG.148	31	25	12	13	11	31	24	31	18	14
MSTRG.149	209	221	217	205	118	194	276	237	267	154
MSTRG.15	375	298	250	292	250	270	337	382	281	271
MSTRG.150	410	419	328	314	222	337	361	387	310	555
MSTRG.151	0	0	2	0	0	2	0	3	1	0
MSTRG.152	16453	15097	15955	15698	13863	13414	14966	18738	13642	7601
MSTRG.153	628	867	909	854	939	841	1019	1414	1136	1287
MSTRG.154	29	26	37	28	26	28	32	17	46	36
MSTRG.155	42	47	42	51	30	48	54	21	43	35
MSTRG.156	9	13	13	15	10	19	12	12	12	27
MSTRG.157	3	5	1	2	1	3	2	4	4	2
MSTRG.158	0	0	0	0	0	0	0	0	0	0
MSTRG.159	32	55	40	68	61	36	45	43	65	31
MSTRG.16	0	0	0	0	0	0	0	0	0	0
MSTRG.160	262	248	196	141	170	163	166	215	177	233
MSTRG.161	821	726	635	725	658	805	723	878	766	712
MSTRG.162	420	515	510	407	312	307	421	497	400	320
MSTRG.163	1940	2267	2001	2019	1305	1485	2466	2161	2566	931
MSTRG.164	0	0	0	0	0	0	0	0	0	0
MSTRG.165	294	271	312	227	267	186	326	231	267	313
MSTRG.166	1	1	0	0	1	0	0	0	3	1
MSTRG.167	391	473	469	481	405	438	406	709	613	216
MSTRG.168	0	0	0	0	0	2	0	0	0	0
MSTRG.169	1336	1561	1229	1153	603	816	1304	1372	1101	333
MSTRG.17	473	405	497	560	494	488	516	307	714	438
MSTRG.170	773	663	752	532	435	466	689	522	874	1964
MSTRG.171	884	935	979	935	994	836	1035	1460	1110	1002
MSTRG.172	7	4	5	4	1	6	3	10	3	9
MSTRG.173	81	76	59	61	31	125	64	77	50	24
MSTRG.174	5806	5241	5087	12520	12939	7766	4461	4349	7490	10464
MSTRG.175	0	0	0	0	0	0	0	0	0	0
MSTRG.176	102	117	145	219	378	161	171	78	292	3127
MSTRG.177	0	0	0	0	0	0	0	0	0	0
MSTRG.178	237	227	131	131	161	137	183	140	173	366
MSTRG.179	21	27	28	30	70	22	25	15	32	39
MSTRG.18	2	3	6	4	11	2	8	4	1	1
MSTRG.180	160	137	99	95	45	162	110	170	104	43
MSTRG.181	1434	1411	1281	837	752	1462	1254	1229	1007	1060
MSTRG.182	26	14	21	27	45	15	17	26	38	47
MSTRG.183	58	182	207	124	166	126	297	536	268	396
MSTRG.184	633	454	310	200	122	262	300	230	204	128
MSTRG.185	51	79	121	123	278	87	150	249	186	278
MSTRG.186	1	1	1	8	7	3	3	2	2	14
MSTRG.187	0	0	0	0	0	0	1	0	0	0
MSTRG.188	50	34	54	29	31	45	44	42	33	44
MSTRG.189	624	751	791	767	776	529	821	867	877	653
MSTRG.19	2	4	8	7	3	5	4	12	8	3
MSTRG.190	0	0	0	0	0	0	0	0	0	0
MSTRG.191	689	536	463	458	602	534	505	562	454	550
MSTRG.192	0	0	0	1	0	0	0	0	0	0
MSTRG.193	2769	2588	1864	1685	1186	1716	2289	2510	1922	980
MSTRG.194	123	153	91	136	193	78	121	156	148	105
MSTRG.195	1323	1502	1513	1541	1099	1279	1723	2121	1686	1054
MSTRG.196	2	0	1	0	0	0	0	1	0	0
MSTRG.197	225	129	45	32	4	68	50	12	38	2
MSTRG.198	8	12	1	2	1	2	3	0	3	0
MSTRG.199	48	43	32	29	6	13	17	16	24	2
MSTRG.2	0	0	0	1	0	0	0	0	0	0
MSTRG.20	11	24	14	31	37	8	8	65	52	11
MSTRG.200	153	158	135	141	148	95	135	207	150	84
MSTRG.201	322	341	361	405	401	388	413	615	497	499
MSTRG.202	444	421	405	423	392	450	583	808	616	588
MSTRG.203	0	1	0	0	1	0	2	1	1	0
MSTRG.204	1	0	2	1	3	0	1	0	0	1
MSTRG.205	0	0	0	0	0	0	0	0	0	0
MSTRG.206	26	24	23	39	38	23	27	32	38	15
MSTRG.207	1	0	1	3	0	1	0	0	3	1
MSTRG.208	1098	1521	1803	2067	2630	1094	1672	2922	2601	2097
MSTRG.209	601	706	813	714	811	623	942	907	1033	818
MSTRG.21	2702	2173	2114	1857	1378	2296	1834	1344	1660	1696
MSTRG.210	0	0	0	0	0	0	0	0	0	0
MSTRG.211	0	0	0	0	0	0	0	0	0	0
MSTRG.212	1095	1246	1351	1086	506	1198	1368	1593	1289	894
MSTRG.213	11	21	9	8	3	19	14	11	11	13
MSTRG.214	185	215	197	179	102	202	249	240	286	785
MSTRG.215	1307	1362	1269	1056	918	1062	1230	1301	1138	687
MSTRG.216	675	861	934	904	961	829	1120	1250	1325	1829
MSTRG.217	3	5	1	5	10	3	3	4	5	11
MSTRG.218	4859	4561	4158	3972	2734	4124	3836	3207	3494	2994
MSTRG.219	30	32	77	55	304	40	89	61	141	941
MSTRG.22	102	111	97	99	69	89	103	36	66	125
MSTRG.220	4	9	9	7	9	2	8	2	4	2
MSTRG.221	151	280	658	1213	809	202	543	1983	1918	515
MSTRG.222	2	1	0	4	1	2	0	0	0	3
MSTRG.223	2702	4296	5308	7676	7507	3901	6057	10317	9363	3979
MSTRG.224	10	14	13	25	6	17	17	9	21	6
MSTRG.225	311	310	389	444	305	548	445	385	635	1093
MSTRG.226	52	60	53	35	9	40	31	34	30	45
MSTRG.227	0	1	3	7	5	1	0	3	2	2
MSTRG.228	0	0	0	0	0	0	0	0	0	0
MSTRG.229	1676	1102	1333	1258	556	1169	701	1069	764	396
MSTRG.23	0	0	0	0	0	0	0	0	0	0
MSTRG.230	631	573	418	511	285	512	336	284	386	123
MSTRG.231	16	22	12	12	9	16	25	20	15	23
MSTRG.232	71	132	199	236	403	94	138	294	319	300
MSTRG.233	8	20	13	20	44	9	15	17	41	18
MSTRG.234	597	712	646	751	1450	600	773	1404	1206	1884
MSTRG.235	423	397	302	240	182	265	340	408	274	198
MSTRG.236	482	470	394	388	545	396	396	385	376	720
MSTRG.237	11	17	38	56	324	17	35	81	114	111
MSTRG.238	395	521	515	587	855	363	567	802	688	787
MSTRG.239	275	292	258	258	230	238	281	401	289	273
MSTRG.24	0	0	0	0	0	0	0	0	0	0
MSTRG.240	439	450	510	428	311	484	488	427	590	627
MSTRG.241	1	1	2	1	0	1	0	0	1	2
MSTRG.242	2554	2457	1414	1413	270	1498	1698	1909	1242	176
MSTRG.243	309	337	391	472	788	334	375	797	582	765
MSTRG.244	405	501	606	565	625	315	571	819	671	629
MSTRG.245	135	124	99	105	99	94	127	153	165	143
MSTRG.246	62	55	31	42	29	47	68	71	60	134
MSTRG.247	63	58	84	41	59	51	71	37	69	47
MSTRG.248	7	11	12	9	11	8	14	16	9	10
MSTRG.249	4013	3144	3217	2567	3071	2997	2535	2850	2490	2779
MSTRG.25	0	0	0	0	0	0	0	0	0	0
MSTRG.250	20	10	19	7	9	15	11	12	7	17
MSTRG.251	24	29	32	37	38	17	30	47	30	100
MSTRG.252	2634	2800	2605	2468	4822	2013	3158	4246	3576	4248
MSTRG.253	977	1046	856	874	614	965	998	967	1092	602
MSTRG.254	2683	2074	1124	566	183	1221	1185	803	581	66
MSTRG.255	1087	1197	1361	1303	1495	971	1343	1292	1374	868
MSTRG.256	1	3	1	1	0	2	1	0	4	1
MSTRG.257	685	682	592	479	376	461	628	639	480	228
MSTRG.258	22	17	20	20	11	25	18	10	19	14
MSTRG.259	57	47	44	66	39	85	61	38	49	32
MSTRG.26	481	426	422	263	180	287	301	180	283	125
MSTRG.260	21	20	18	22	23	37	20	10	26	16
MSTRG.261	6	7	5	4	5	4	10	8	3	1
MSTRG.262	662	749	893	656	549	586	831	1320	872	430
MSTRG.263	628	646	556	655	484	655	680	763	789	549
MSTRG.264	1	0	0	2	0	0	1	0	1	1
MSTRG.265	5257	4946	3812	4019	833	3695	3189	2014	2001	348
MSTRG.266	6413	6752	7487	8707	17363	8232	7976	10171	11353	10922
MSTRG.267	10	4	3	3	8	5	9	3	1	9
MSTRG.268	813	630	649	687	573	646	589	316	697	975
MSTRG.269	57	44	44	48	131	31	43	19	94	662
MSTRG.27	2	3	2	2	1	2	0	0	2	1
MSTRG.270	22	11	7	18	4	14	16	11	14	5
MSTRG.271	43	41	52	37	70	39	43	48	43	88
MSTRG.272	5	3	0	1	0	4	3	1	0	0
MSTRG.273	1	2	2	2	1	1	1	0	3	2
MSTRG.274	0	0	0	0	0	0	0	1	0	0
MSTRG.275	0	0	0	0	0	0	0	0	0	0
MSTRG.276	64	52	67	41	25	91	59	37	47	43
MSTRG.277	0	0	0	0	0	0	0	0	0	0
MSTRG.278	24	15	6	16	18	12	16	17	27	19
MSTRG.279	9	2	1	1	0	4	1	0	0	0
MSTRG.28	28	27	20	19	17	24	6	17	7	16
MSTRG.280	6	1	1	0	0	1	1	1	2	0
MSTRG.281	8	3	1	3	3	17	1	0	1	3
MSTRG.282	5	5	0	3	1	8	3	0	2	0
MSTRG.283	7	6	5	7	2	12	7	6	2	6
MSTRG.284	3	3	3	4	0	6	4	1	0	0
MSTRG.285	1	8	8	7	4	15	31	3	12	12
MSTRG.286	71	48	45	23	39	41	42	43	29	46
MSTRG.287	103	206	484	424	506	128	336	262	522	347
MSTRG.288	137	215	363	357	71	190	462	2	367	36
MSTRG.289	70	137	369	700	2329	9	29	12	32	33
MSTRG.29	373	412	511	425	605	288	362	451	373	263
MSTRG.290	0	0	0	0	0	0	0	0	0	0
MSTRG.291	1288	1390	1561	1411	1710	1143	1350	1608	1615	1289
MSTRG.292	744	531	366	398	141	577	392	298	353	299
MSTRG.293	419	381	293	328	212	346	349	461	349	286
MSTRG.294	18	11	21	14	11	23	17	15	10	23
MSTRG.295	1230	1155	1179	1130	810	1190	1161	1149	1070	1155
MSTRG.296	4136	4111	3693	2755	1867	3625	3469	2792	2472	2366
MSTRG.297	317	342	258	264	206	276	325	286	319	172
MSTRG.298	0	0	0	0	0	0	0	0	0	0
MSTRG.299	553	427	322	394	462	425	414	479	416	541
MSTRG.3	2	3	3	1	4	1	2	3	2	0
MSTRG.30	4	3	9	4	0	7	3	7	2	0
MSTRG.300	65	70	55	59	35	53	68	64	74	36
MSTRG.301	1034	872	820	714	462	878	707	553	672	618
MSTRG.302	5175	5034	5209	5417	4444	6402	4664	4835	5129	5091
MSTRG.303	1224	1600	1923	2452	2622	1530	2358	4482	3138	1345
MSTRG.304	1503	1389	1585	1367	1015	1218	1114	1484	1011	807
MSTRG.305	151	135	118	121	151	183	140	174	133	167
MSTRG.306	3906	3366	2936	2709	2134	3302	3295	2724	2970	2503
MSTRG.307	1	3	3	3	0	1	1	1	1	1
MSTRG.308	0	0	0	0	0	0	0	0	0	0
MSTRG.309	866	901	884	899	1320	832	966	1556	1093	1277
MSTRG.31	0	0	0	0	0	0	0	2	0	0
MSTRG.310	14	18	21	29	33	19	24	25	31	106
MSTRG.311	3046	2832	2419	1893	990	2364	2070	1818	1697	1322
MSTRG.312	9	9	12	19	18	8	10	8	15	7
MSTRG.313	496	440	351	329	246	428	351	385	294	275
MSTRG.314	6670	5700	4627	4244	1977	5845	5149	6080	3907	2206
MSTRG.315	550	461	676	474	297	601	670	120	408	452
MSTRG.316	0	0	0	0	0	0	0	0	0	0
MSTRG.317	532	501	664	850	2333	397	440	918	1245	3100
MSTRG.318	0	0	0	0	3	0	0	0	2	7
MSTRG.319	128	116	63	97	56	156	102	122	94	56
MSTRG.32	0	0	0	0	0	0	0	0	0	0
MSTRG.320	0	0	0	0	0	0	0	0	0	0
MSTRG.321	1117	655	528	382	190	540	384	288	410	246
MSTRG.322	8	6	6	8	11	11	11	3	11	8
MSTRG.323	16	17	12	22	9	32	28	21	23	17
MSTRG.324	16	18	22	18	36	18	18	14	22	65
MSTRG.325	2	0	0	0	0	0	0	1	0	3
MSTRG.326	334	336	368	591	269	360	293	111	418	197
MSTRG.327	0	0	0	0	0	0	0	0	0	0
MSTRG.328	76	34	32	33	26	45	28	22	19	25
MSTRG.329	1222	843	644	402	264	667	458	420	446	224
MSTRG.33	8	2	5	4	2	8	4	3	3	2
MSTRG.330	0	0	0	0	0	0	0	0	0	0
MSTRG.331	8	3	2	3	2	8	5	3	6	3
MSTRG.332	1	3	6	1	1	3	0	2	2	1
MSTRG.333	1	1	0	1	0	2	1	1	0	0
MSTRG.334	0	0	0	0	0	0	0	0	0	0
MSTRG.335	0	1	0	0	0	0	0	1	0	1
MSTRG.336	1	0	0	0	0	1	0	1	0	1
MSTRG.337	3924	4739	4503	5537	9517	3483	4548	5525	4462	11030
MSTRG.338	0	0	9	7	9	1	0	16	18	7
MSTRG.339	229	279	303	260	180	235	297	235	319	116
MSTRG.34	0	0	0	0	0	0	0	3	0	3
MSTRG.340	251	423	544	662	602	383	556	1068	1018	323
MSTRG.341	3495	3676	4834	4843	4657	3223	3614	6279	5097	2655
MSTRG.342	2772	2622	2838	2748	3101	2832	2577	3287	3016	3191
MSTRG.343	0	0	0	0	0	0	0	0	0	0
MSTRG.344	16	11	10	6	3	10	9	4	8	2
MSTRG.345	60	24	17	12	12	11	17	7	15	23
MSTRG.346	563	565	512	569	352	461	420	514	513	289
MSTRG.347	34	33	52	37	715	49	64	67	88	1292
MSTRG.348	353	558	835	1045	2096	435	754	1038	1289	1085
MSTRG.349	5	1	8	2	11	7	6	4	7	7
MSTRG.35	2053	1958	1702	1691	964	2561	1836	1008	1378	1229
MSTRG.350	1975	3269	3996	5496	6881	3710	4978	5239	6400	6295
MSTRG.351	2	1	0	3	0	0	1	0	3	1
MSTRG.352	12	27	26	37	32	37	43	23	53	32
MSTRG.353	9	11	20	35	148	10	25	28	39	7
MSTRG.354	25	24	25	48	25	18	28	77	71	21
MSTRG.355	450	420	381	365	477	476	398	399	414	523
MSTRG.356	0	1	2	6	1	0	0	0	0	4
MSTRG.357	2794	2646	2548	2110	1266	2974	2420	1952	1898	2033
MSTRG.358	157	164	119	135	63	122	155	134	156	120
MSTRG.359	149	112	94	103	76	85	112	134	123	68
MSTRG.36	0	0	0	0	0	2	0	0	0	0
MSTRG.360	33	12	24	21	17	33	24	16	18	12
MSTRG.361	161	182	149	239	153	139	159	265	233	114
MSTRG.362	0	1	0	4	0	2	1	1	0	1
MSTRG.363	325	295	239	262	174	321	301	310	304	121
MSTRG.364	7097	5909	4637	4150	3450	6536	5180	4848	4578	3920
MSTRG.365	11	28	50	39	16	19	59	76	75	4
MSTRG.366	0	0	0	0	0	0	0	0	0	0
MSTRG.367	435	474	424	446	505	322	352	397	334	325
MSTRG.368	2	4	1	2	3	2	2	4	10	3
MSTRG.369	1	1	1	1	10	0	0	1	1	1
MSTRG.37	209	198	283	243	164	197	172	248	199	79
MSTRG.370	21	20	26	15	20	18	16	18	17	13
MSTRG.371	0	0	0	1	0	0	0	0	0	0
MSTRG.372	1605	2129	2088	1924	2107	1748	2355	3597	2811	2180
MSTRG.373	201	240	258	264	328	201	284	329	312	558
MSTRG.374	2939	2790	2421	2513	2294	2304	2331	2841	2540	2375
MSTRG.375	2	1	3	9	4	0	3	11	9	0
MSTRG.376	3	1	1	3	3	2	2	0	1	2
MSTRG.377	163	147	125	137	143	102	120	140	124	84
MSTRG.378	1	0	0	1	1	1	1	2	2	7
MSTRG.379	9	11	15	41	105	4	12	2	30	90
MSTRG.38	0	0	1	3	0	3	1	3	0	14
MSTRG.380	0	0	0	0	0	0	0	0	0	0
MSTRG.381	873	626	810	608	344	632	450	265	352	194
MSTRG.382	0	0	0	1	0	0	0	1	1	0
MSTRG.383	0	0	0	0	0	0	0	0	0	0
MSTRG.384	25	16	49	9	15	10	38	17	10	5
MSTRG.385	0	0	1	0	2	0	0	0	0	1
MSTRG.386	0	0	0	0	0	0	0	0	0	0
MSTRG.387	0	0	0	2	0	0	0	0	0	0
MSTRG.388	5	13	28	8	3	13	24	0	16	7
MSTRG.389	3	1	7	0	1	4	6	0	1	0
MSTRG.39	971	1018	1048	1210	1225	916	1096	852	1009	1641
MSTRG.390	0	0	0	0	0	0	0	0	0	0
MSTRG.391	0	0	0	1	0	0	0	0	0	0
MSTRG.392	26	18	28	13	23	24	18	7	9	19
MSTRG.393	216	188	90	186	248	224	179	160	339	561
MSTRG.394	3	9	16	3	3	8	16	0	3	0
MSTRG.395	6	4	5	0	0	2	1	0	1	1
MSTRG.396	0	0	0	0	0	0	0	0	0	0
MSTRG.397	12	11	18	13	21	30	26	4	14	8
MSTRG.398	0	0	0	0	0	0	0	0	0	1
MSTRG.399	12	14	20	12	10	10	24	3	10	7
MSTRG.4	0	0	0	0	0	0	0	0	0	0
MSTRG.40	0	0	0	0	0	0	0	0	0	0
MSTRG.400	251	213	200	219	278	216	227	291	222	238
MSTRG.401	269	359	440	775	521	711	688	834	1010	1005
MSTRG.402	2	2	2	4	6	8	9	5	3	5
MSTRG.403	2	2	5	12	7	5	5	6	14	9
MSTRG.404	0	0	0	0	0	0	0	0	0	0
MSTRG.405	1	1	1	0	1	0	1	0	2	0
MSTRG.406	145	62	31	40	30	146	55	40	43	66
MSTRG.407	9	2	8	8	7	5	5	11	4	11
MSTRG.408	3	4	4	1	3	9	2	4	7	2
MSTRG.409	892	896	877	674	393	960	837	620	704	515
MSTRG.41	146	160	190	181	196	144	190	164	189	225
MSTRG.410	0	0	0	0	0	0	0	0	0	0
MSTRG.411	0	0	0	0	0	0	0	0	1	0
MSTRG.412	1074	1050	1067	1028	1085	1113	978	760	989	990
MSTRG.413	1	0	0	0	0	0	0	0	0	0
MSTRG.414	0	0	0	0	1	0	0	0	0	0
MSTRG.415	0	0	1	0	0	0	0	0	0	0
MSTRG.416	6	3	12	5	8	4	5	2	2	22
MSTRG.417	15	9	6	7	11	9	8	11	10	21
MSTRG.418	1	0	1	0	2	1	0	1	1	8
MSTRG.419	41	44	11	31	26	109	59	4	33	66
MSTRG.42	424	453	403	456	733	419	449	652	593	754
MSTRG.420	140	142	221	185	265	145	109	158	211	182
MSTRG.421	1197	1297	1734	2425	1170	2373	2439	2693	2251	608
MSTRG.422	27	46	53	111	121	101	121	169	139	84
MSTRG.423	0	0	0	0	0	0	0	0	0	0
MSTRG.424	1	1	3	7	16	3	7	4	14	19
MSTRG.425	0	0	1	0	0	0	0	0	0	0
MSTRG.426	0	0	0	0	0	0	0	0	0	0
MSTRG.427	507	269	290	203	70	344	226	162	186	32
MSTRG.428	0	0	0	0	0	0	0	0	0	0
MSTRG.429	0	0	0	0	0	0	0	0	1	0
MSTRG.43	17	12	13	24	33	9	19	17	29	60
MSTRG.430	1	0	2	5	0	0	2	1	5	2
MSTRG.431	2403	1949	1852	1821	2400	2046	1763	1381	1881	2903
MSTRG.432	15	6	5	10	8	13	6	4	15	12
MSTRG.433	203	153	276	191	234	256	177	184	171	327
MSTRG.434	13	4	11	6	7	14	6	2	2	3
MSTRG.435	29	12	29	17	25	11	10	1	13	9
MSTRG.436	4	13	10	5	1	9	5	1	2	5
MSTRG.437	7	7	3	6	2	2	1	4	3	10
MSTRG.438	2	0	1	1	2	0	4	1	0	3
MSTRG.439	0	0	0	0	1	0	0	0	0	0
MSTRG.44	50	89	89	86	123	67	84	71	128	87
MSTRG.440	33	49	53	35	10	50	30	39	35	9
MSTRG.441	12	12	15	13	5	21	9	4	16	3
MSTRG.442	10	18	30	22	6	13	17	5	9	2
MSTRG.443	4	5	1	2	4	2	4	1	0	2
MSTRG.444	6	5	0	8	8	0	6	1	15	3
MSTRG.445	1097	1320	1402	1185	982	1275	958	735	869	404
MSTRG.446	306	294	78	102	72	100	175	97	112	157
MSTRG.447	5	8	6	4	1	9	9	1	4	2
MSTRG.448	0	1	0	0	1	0	2	0	0	0
MSTRG.449	4	4	10	9	0	3	5	2	6	18
MSTRG.45	2	6	11	17	34	1	1	21	18	6
MSTRG.450	2565	1708	1055	945	1184	1984	1761	1326	1276	1355
MSTRG.451	0	0	0	0	0	0	0	0	0	0
MSTRG.452	15	13	12	17	16	18	18	11	22	22
MSTRG.453	734	539	429	401	183	685	414	405	348	259
MSTRG.454	5	5	3	7	3	5	5	3	5	5
MSTRG.455	0	0	1	1	0	2	0	0	0	0
MSTRG.456	3505	4138	5170	6391	4681	4425	4357	4419	5548	3164
MSTRG.457	1092	896	836	1039	983	927	907	1352	1292	1259
MSTRG.458	1173	1437	679	1032	933	937	1242	1388	1264	733
MSTRG.459	1	1	0	0	0	1	1	0	3	0
MSTRG.46	13	14	14	10	22	5	16	8	23	31
MSTRG.460	0	0	0	0	0	0	0	0	0	0
MSTRG.461	0	3	0	0	1	2	1	0	1	1
MSTRG.462	0	1	0	0	0	1	0	0	0	0
MSTRG.463	16	19	9	2	12	5	6	5	10	5
MSTRG.464	0	0	0	0	0	0	0	0	0	0
MSTRG.465	0	0	0	0	0	1	0	0	0	0
MSTRG.466	7	12	13	11	40	8	9	11	10	65
MSTRG.467	429	422	480	519	1009	564	404	221	470	1091
MSTRG.468	3	1	0	3	1	3	4	1	4	2
MSTRG.469	0	0	0	0	1	0	0	2	0	2
MSTRG.47	4	7	5	7	7	6	4	10	5	8
MSTRG.470	0	1	0	0	0	0	0	0	0	0
MSTRG.471	2	1	0	1	0	7	0	4	5	0
MSTRG.472	1	1	3	0	2	4	0	6	3	0
MSTRG.473	106	134	202	297	977	249	225	218	513	3135
MSTRG.474	0	0	0	0	0	0	0	0	0	0
MSTRG.475	0	0	0	0	0	0	0	0	0	0
MSTRG.476	10	20	17	25	52	23	18	8	29	351
MSTRG.477	695	700	526	485	750	638	640	698	616	1007
MSTRG.478	118	167	209	326	289	174	241	198	415	90
MSTRG.479	0	2	2	3	1	1	2	2	0	1
MSTRG.48	501	624	574	504	155	452	432	529	377	247
MSTRG.480	5184	4523	2919	3529	1647	3618	3653	3148	3449	1413
MSTRG.481	128	125	146	124	178	156	174	105	197	189
MSTRG.482	5	16	7	4	1	10	2	4	4	4
MSTRG.483	44	43	36	26	54	48	38	13	55	63
MSTRG.484	3	0	3	0	1	4	4	0	1	6
MSTRG.485	968	830	569	501	417	732	711	488	685	593
MSTRG.486	0	0	0	0	0	0	0	0	0	0
MSTRG.487	18	4	140	41	52	109	7	19	2	13
MSTRG.488	18	14	16	17	35	20	22	14	18	28
MSTRG.489	0	0	0	0	0	0	0	0	0	0
MSTRG.49	0	0	0	0	0	0	0	0	0	0
MSTRG.490	248	313	302	477	563	253	244	276	273	294
MSTRG.491	1	3	1	1	2	7	0	1	0	0
MSTRG.492	4	2	1	0	0	1	4	2	0	0
MSTRG.493	0	1	3	8	2	4	2	2	2	0
MSTRG.494	47	41	41	48	30	80	54	44	58	66
MSTRG.495	0	2	1	2	0	0	0	0	1	2
MSTRG.496	0	0	0	0	3	0	0	0	0	8
MSTRG.497	29	48	67	65	27	38	79	24	44	38
MSTRG.498	0	0	0	5	18	0	0	0	1	3
MSTRG.499	13	29	69	87	311	71	368	407	395	2501
MSTRG.5	0	0	0	0	0	0	0	0	0	0
MSTRG.50	1083	1029	868	978	1148	914	1013	1260	1146	1872
MSTRG.500	0	0	0	0	0	0	0	0	0	0
MSTRG.501	15	17	51	27	31	30	45	9	20	29
MSTRG.502	0	3	0	1	1	3	4	3	2	2
MSTRG.503	23	17	21	20	33	22	7	11	21	46
MSTRG.504	0	0	1	0	0	0	0	0	0	0
MSTRG.505	1	0	0	3	1	4	0	0	0	2
MSTRG.506	1801	1717	1452	1744	1894	2400	1764	1315	1941	3249
MSTRG.507	78	177	479	1187	3858	21	25	77	145	156
MSTRG.508	440	344	230	311	219	531	336	294	394	450
MSTRG.509	327	313	269	340	356	334	320	279	373	668
MSTRG.51	128	237	229	183	305	224	281	456	225	456
MSTRG.510	1905	1293	913	833	527	2494	1335	553	805	422
MSTRG.511	0	1	2	0	1	1	2	0	1	0
MSTRG.512	2	3	7	2	4	2	3	25	6	9
MSTRG.513	0	0	0	1	0	3	1	2	0	4
MSTRG.514	1	0	0	0	0	0	2	1	0	0
MSTRG.515	567	698	576	877	2002	715	651	633	891	2201
MSTRG.516	19	11	19	8	5	18	14	14	24	24
MSTRG.517	1032	1092	1890	2117	2028	1363	1746	1362	2563	3873
MSTRG.518	0	0	0	0	0	0	0	0	0	0
MSTRG.519	2	1	1	5	4	2	2	4	6	9
MSTRG.52	1	2	1	1	2	4	4	1	2	4
MSTRG.520	652	448	561	641	377	370	356	394	372	238
MSTRG.521	0	0	0	0	0	0	0	0	0	0
MSTRG.522	1	2	5	3	0	1	3	2	0	6
MSTRG.523	1	1	0	0	0	0	0	0	0	2
MSTRG.524	46	59	186	447	4365	54	86	85	189	2921
MSTRG.525	0	0	0	0	0	0	0	0	0	0
MSTRG.526	1708	1402	1221	1381	909	2435	1479	917	1386	1250
MSTRG.527	4	6	4	3	4	3	5	8	3	4
MSTRG.528	49	54	65	79	64	52	68	76	131	80
MSTRG.529	0	0	0	0	0	0	0	0	1	1
MSTRG.53	41	73	76	61	35	82	84	46	55	57
MSTRG.530	0	0	1	0	0	0	0	0	0	0
MSTRG.531	12	8	8	12	13	13	14	10	13	8
MSTRG.532	0	0	0	0	0	0	0	0	0	0
MSTRG.533	2323	2019	1837	1644	643	1819	1747	2070	1301	614
MSTRG.534	0	0	0	0	0	0	0	0	0	0
MSTRG.535	878	711	630	635	941	1036	810	319	791	1490
MSTRG.536	0	0	0	0	0	0	0	0	0	0
MSTRG.537	854	566	544	566	332	773	498	547	501	379
MSTRG.538	1074	1621	2790	3831	5595	2130	2833	4708	5535	2937
MSTRG.539	0	0	0	0	1	0	0	1	0	0
MSTRG.54	29	37	18	25	24	104	43	18	32	30
MSTRG.540	3	3	7	3	1	6	10	0	4	3
MSTRG.541	12	14	13	9	6	14	20	11	13	10
MSTRG.542	57	82	95	168	229	189	172	245	268	255
MSTRG.543	0	0	0	0	0	0	0	0	0	0
MSTRG.544	626	483	487	476	523	556	587	332	587	848
MSTRG.545	0	0	0	0	0	0	0	0	0	0
MSTRG.546	229	197	176	137	83	162	210	229	218	96
MSTRG.547	485	453	224	184	58	248	321	261	200	65
MSTRG.548	1775	1498	1063	984	301	1452	940	705	698	317
MSTRG.549	58	37	85	67	175	47	70	39	47	517
MSTRG.55	0	0	0	0	0	1	0	2	0	20
MSTRG.550	0	0	0	0	2	0	0	0	0	0
MSTRG.551	137	176	169	181	156	121	155	183	179	80
MSTRG.552	55	59	92	51	60	82	165	40	111	52
MSTRG.553	52	68	154	64	37	148	252	35	149	74
MSTRG.554	0	0	0	0	0	1	0	0	0	0
MSTRG.555	0	0	0	0	0	0	0	0	0	0
MSTRG.556	1150	1010	890	1078	2173	1380	1029	1491	1344	2729
MSTRG.557	0	0	0	0	0	5	11	4	3	1
MSTRG.558	211	163	103	107	135	186	112	99	80	147
MSTRG.559	0	0	0	0	0	0	0	0	0	0
MSTRG.56	160	208	173	174	139	128	234	260	172	256
MSTRG.560	18	12	44	48	72	25	19	24	40	59
MSTRG.561	601	431	652	725	843	472	410	878	661	692
MSTRG.562	0	0	0	0	0	0	0	0	0	0
MSTRG.563	106	109	162	169	631	159	194	150	284	542
MSTRG.564	669	553	620	524	316	419	447	460	363	125
MSTRG.565	115	53	16	17	1	2	0	5	0	0
MSTRG.566	23	23	23	43	39	0	7	2	6	0
MSTRG.567	6	5	6	4	6	2	3	2	6	8
MSTRG.568	15	16	28	0	3	20	21	27	3	3
MSTRG.569	5	8	13	1	0	13	14	3	0	0
MSTRG.57	619	1049	1297	1873	2848	1009	1562	2674	2737	4143
MSTRG.570	15	7	14	3	2	35	15	23	3	5
MSTRG.571	0	0	0	0	0	1	0	0	0	0
MSTRG.572	0	0	0	0	2	0	0	1	0	1
MSTRG.573	2437	2561	3360	3585	3144	2375	2071	2040	1888	3585
MSTRG.574	1	0	0	0	0	0	0	1	0	0
MSTRG.575	20	9	6	24	10	11	14	8	6	10
MSTRG.576	0	0	0	0	0	0	1	0	0	0
MSTRG.577	1	0	0	0	0	0	0	0	0	0
MSTRG.578	0	0	1	1	0	0	0	0	0	0
MSTRG.579	994	1173	1432	1786	1811	1609	1407	910	1424	2684
MSTRG.58	316	317	331	284	370	365	339	461	326	607
MSTRG.580	0	1	0	0	0	1	0	0	0	1
MSTRG.581	0	0	1	0	0	0	0	0	0	0
MSTRG.582	1140	931	1099	1116	828	1112	742	757	876	617
MSTRG.583	1500	1265	1359	1420	1193	1485	1033	535	765	547
MSTRG.584	0	0	0	0	0	0	0	0	0	0
MSTRG.585	0	0	0	0	0	0	0	0	1	0
MSTRG.586	0	0	0	1	1	2	1	0	1	1
MSTRG.587	53	39	25	40	54	26	31	43	59	98
MSTRG.588	0	0	0	0	0	0	0	0	0	0
MSTRG.589	56	63	113	165	100	210	233	109	142	47
MSTRG.59	361	388	264	251	270	209	310	282	326	291
MSTRG.590	0	0	1	0	0	0	1	0	0	0
MSTRG.591	0	0	0	0	0	0	1	0	0	0
MSTRG.592	0	1	0	0	1	0	1	0	0	0
MSTRG.593	0	0	0	1	0	0	0	0	1	0
MSTRG.594	0	0	0	0	0	0	0	1	0	0
MSTRG.595	305	415	568	806	1510	325	472	816	809	808
MSTRG.596	20	32	19	11	9	27	19	18	13	4
MSTRG.597	22	15	19	21	66	14	13	15	28	45
MSTRG.598	178	216	263	325	566	279	283	392	443	764
MSTRG.599	1654	1349	1174	1288	1665	1643	1116	774	1020	2824
MSTRG.6	0	0	0	0	0	0	0	0	0	0
MSTRG.60	10	12	15	16	11	19	14	20	14	43
MSTRG.600	1616	1157	1359	1202	1184	1416	1038	973	1215	1738
MSTRG.601	1470	996	916	946	507	1512	842	1182	821	672
MSTRG.602	9	7	9	10	12	15	19	10	18	10
MSTRG.603	237	193	190	227	150	132	191	226	210	165
MSTRG.604	4	1	1	2	0	0	0	3	1	0
MSTRG.605	0	0	0	0	0	0	0	0	0	0
MSTRG.606	4265	2804	1976	2333	1131	3737	2036	1896	2002	975
MSTRG.607	7	18	7	1	2	8	30	7	5	6
MSTRG.608	1242	1330	1621	1630	688	1625	1132	899	1000	681
MSTRG.609	5	3	1	1	1	6	3	5	5	3
MSTRG.61	4	2	3	1	0	1	5	2	0	3
MSTRG.610	9	15	10	14	4	4	1	14	14	4
MSTRG.611	0	0	0	2	0	1	0	1	2	0
MSTRG.612	437	425	291	323	164	360	338	292	282	211
MSTRG.613	30	32	30	38	15	19	13	16	15	15
MSTRG.614	7	1	2	9	3	3	1	4	4	1
MSTRG.615	1	1	2	0	0	0	1	1	4	0
MSTRG.616	14	5	5	9	3	13	13	5	13	5
MSTRG.617	1106	1144	1241	1151	1109	1237	1004	665	971	1337
MSTRG.618	333	278	329	490	1192	430	391	392	561	1580
MSTRG.619	1586	1376	1708	1596	1108	1429	1210	674	1247	1101
MSTRG.62	1083	1074	1090	1058	896	904	980	1049	957	950
MSTRG.620	0	0	0	0	0	0	0	0	0	0
MSTRG.621	584	539	481	487	513	1004	694	651	664	1000
MSTRG.622	5	4	22	13	204	10	10	29	142	378
MSTRG.623	2155	1831	1751	1330	854	2038	1497	1062	1094	1033
MSTRG.624	562	363	285	276	242	268	215	173	284	291
MSTRG.625	1	4	2	2	1	2	2	2	3	0
MSTRG.626	4	7	3	10	10	8	6	3	6	5
MSTRG.627	88	62	159	110	168	132	96	158	134	187
MSTRG.628	125	99	151	156	209	227	110	174	144	239
MSTRG.629	1	3	4	2	1	3	1	4	2	1
MSTRG.63	520	563	558	536	452	486	588	609	561	577
MSTRG.630	6	9	3	1	1	19	29	14	16	1
MSTRG.631	72	89	140	158	184	182	165	95	186	274
MSTRG.632	0	0	0	0	0	0	0	0	0	0
MSTRG.633	1201	1047	987	1167	995	1495	1114	916	1025	1138
MSTRG.634	0	0	0	0	0	0	0	0	0	0
MSTRG.635	0	0	1	2	0	0	1	0	0	3
MSTRG.636	0	4	2	0	0	0	1	0	0	0
MSTRG.637	1	2	1	0	0	3	0	1	0	0
MSTRG.638	35	35	43	54	240	61	51	26	87	522
MSTRG.639	135	163	219	187	330	165	203	170	251	518
MSTRG.64	62	39	69	82	116	59	92	112	128	335
MSTRG.640	2	0	2	1	0	0	5	0	0	2
MSTRG.641	1	1	1	0	2	3	4	1	1	1
MSTRG.642	28	15	19	41	23	36	39	25	42	20
MSTRG.643	5	0	4	1	0	3	2	0	0	9
MSTRG.644	4820	3721	2525	2507	1449	3099	3453	3570	2970	2163
MSTRG.645	364	427	359	508	703	464	477	535	585	557
MSTRG.646	1	1	1	2	5	1	0	0	3	3
MSTRG.647	13	31	36	41	153	25	41	19	64	157
MSTRG.648	1555	1401	1304	1501	1815	1987	1329	1273	1571	1970
MSTRG.649	1962	1947	2157	2832	3378	2392	2092	1655	2651	2110
MSTRG.65	13	3	4	9	16	6	6	6	16	60
MSTRG.650	0	0	0	1	0	1	1	4	2	0
MSTRG.651	29	29	22	37	34	41	34	28	45	27
MSTRG.652	0	0	0	0	0	0	0	0	0	0
MSTRG.653	4	3	8	7	2	3	3	2	8	4
MSTRG.654	97	66	115	100	99	143	81	116	169	192
MSTRG.655	0	0	0	0	0	0	0	0	0	0
MSTRG.656	0	0	0	0	0	0	0	0	0	0
MSTRG.657	0	0	0	0	0	0	0	0	0	0
MSTRG.658	397	352	262	275	185	397	297	266	245	114
MSTRG.659	0	0	0	0	0	0	0	0	0	0
MSTRG.66	2357	2149	1995	1949	2150	2220	2076	2646	2047	1643
MSTRG.660	245	151	178	171	87	184	169	203	121	53
MSTRG.661	1	2	0	0	0	0	0	0	0	0
MSTRG.662	9	10	2	1	2	23	14	2	2	3
MSTRG.663	19	10	9	6	8	15	16	9	7	17
MSTRG.664	0	1	0	1	1	0	0	0	0	4
MSTRG.665	0	0	0	0	0	0	0	0	0	0
MSTRG.666	0	0	1	0	0	1	0	0	0	0
MSTRG.667	0	0	0	0	0	0	0	0	0	0
MSTRG.668	1	0	0	0	0	0	0	0	0	0
MSTRG.669	2	5	5	4	11	7	10	4	8	14
MSTRG.67	0	0	0	0	0	0	1	0	0	0
MSTRG.670	42	59	125	165	211	103	116	223	213	204
MSTRG.671	44	86	213	129	140	67	119	11	169	181
MSTRG.672	3	4	10	4	6	1	3	5	2	8
MSTRG.673	0	0	0	0	0	0	0	0	0	0
MSTRG.674	1	3	5	4	7	0	5	1	4	6
MSTRG.675	0	2	8	4	24	4	12	11	18	12
MSTRG.676	265	284	348	291	347	381	442	335	386	400
MSTRG.677	0	1	1	0	0	5	0	0	0	1
MSTRG.678	147	139	184	182	152	96	110	130	225	96
MSTRG.679	0	1	3	1	3	3	0	1	3	8
MSTRG.68	270	224	189	177	119	190	216	241	219	199
MSTRG.680	40	60	59	72	42	64	114	13	46	42
MSTRG.681	0	0	0	0	0	0	0	0	0	0
MSTRG.682	0	0	0	0	0	0	0	0	0	1
MSTRG.683	330	286	335	314	403	397	381	432	442	406
MSTRG.684	0	0	0	0	0	0	0	0	0	0
MSTRG.685	629	326	255	118	40	251	186	57	136	31
MSTRG.686	0	0	0	0	0	0	0	0	0	0
MSTRG.687	0	1	0	0	0	0	0	0	1	0
MSTRG.688	4	5	9	12	5	1	3	0	1	1
MSTRG.689	20	58	91	146	250	70	111	268	259	172
MSTRG.69	1	4	4	3	6	0	1	5	8	7
MSTRG.690	350	263	248	204	148	232	184	218	166	167
MSTRG.691	0	4	3	0	2	0	1	0	0	3
MSTRG.692	0	0	0	0	0	0	1	3	1	0
MSTRG.693	0	1	0	0	2	0	0	0	0	1
MSTRG.694	222	164	106	108	173	135	119	72	110	343
MSTRG.695	0	0	0	0	0	0	0	0	0	0
MSTRG.696	0	0	0	0	0	0	0	0	0	0
MSTRG.697	0	0	0	1	0	1	0	4	0	3
MSTRG.698	3	2	1	1	5	1	4	2	3	2
MSTRG.699	396	339	354	402	479	327	343	157	328	232
MSTRG.7	0	0	0	0	0	0	0	0	0	0
MSTRG.70	91	97	112	101	96	73	106	101	145	91
MSTRG.700	1	6	2	3	5	3	0	1	4	2
MSTRG.701	59	87	212	216	434	138	181	193	249	459
MSTRG.702	3259	2691	2367	2378	2258	4584	3000	1880	2599	2362
MSTRG.703	341	362	323	261	78	628	658	616	229	83
MSTRG.704	1201	1063	988	1019	817	1173	887	557	734	728
MSTRG.705	264	331	465	481	1102	552	513	645	641	1499
MSTRG.706	0	0	0	0	0	0	0	0	0	0
MSTRG.707	1	1	1	1	2	1	2	3	2	6
MSTRG.708	0	0	0	0	0	0	0	0	0	0
MSTRG.709	1951	1760	1338	1392	987	2017	1414	1324	1195	1018
MSTRG.71	0	0	0	0	0	0	0	0	0	0
MSTRG.710	961	792	859	938	1288	855	890	765	1255	1135
MSTRG.711	4794	3938	2717	2576	1089	3862	3407	3411	2870	1788
MSTRG.712	1579	788	457	198	84	404	274	81	232	32
MSTRG.713	8	6	8	14	9	6	3	2	9	6
MSTRG.714	175	138	120	207	92	63	130	146	137	55
MSTRG.715	1	0	0	0	0	3	4	0	3	2
MSTRG.716	45	32	35	38	31	36	43	21	19	27
MSTRG.717	368	452	587	809	722	367	353	462	554	350
MSTRG.718	12	8	11	12	6	14	14	18	11	25
MSTRG.719	71	87	157	137	93	116	154	16	139	144
MSTRG.72	0	0	2	0	0	1	0	1	2	0
MSTRG.720	0	1	1	0	1	2	0	0	3	0
MSTRG.721	436	217	141	61	14	159	97	40	65	9
MSTRG.722	0	0	0	0	0	0	0	0	0	0
MSTRG.723	21	41	60	18	95	15	42	21	39	24
MSTRG.724	6	4	1	2	4	11	10	0	7	1
MSTRG.725	248	200	164	174	105	278	156	128	154	236
MSTRG.726	265	318	502	740	2120	329	385	577	755	1660
MSTRG.727	1	0	0	0	1	3	1	0	1	0
MSTRG.728	2	1	2	1	3	1	1	8	2	19
MSTRG.729	15	24	20	23	15	6	1	6	4	3
MSTRG.73	258	402	503	564	582	569	715	1056	1050	991
MSTRG.730	2	1	1	3	0	0	0	0	0	0
MSTRG.731	41	40	74	27	29	30	37	34	20	12
MSTRG.732	62	62	90	91	59	48	79	54	42	20
MSTRG.733	85	52	64	58	68	55	59	36	37	79
MSTRG.734	733	489	467	364	320	447	443	242	363	652
MSTRG.735	168	211	186	159	188	94	194	299	213	120
MSTRG.736	15	18	15	14	22	33	27	26	19	29
MSTRG.737	0	1	0	0	0	0	0	0	0	1
MSTRG.738	518	417	484	363	318	537	379	345	366	346
MSTRG.739	350	361	362	377	275	466	330	351	535	381
MSTRG.74	0	0	0	0	0	0	0	0	0	0
MSTRG.740	8	15	15	8	17	3	11	11	11	26
MSTRG.741	335	292	92	120	64	231	200	64	128	193
MSTRG.742	0	0	0	0	0	0	0	0	0	0
MSTRG.743	1040	486	339	232	79	489	261	102	278	86
MSTRG.744	1	4	2	0	1	5	3	2	1	4
MSTRG.745	0	0	0	0	0	0	0	0	0	0
MSTRG.746	5	4	3	12	3	6	8	2	8	0
MSTRG.747	8	8	5	11	18	5	8	4	7	5
MSTRG.748	13	11	4	6	10	3	14	6	7	31
MSTRG.749	6	12	9	9	8	19	17	12	5	32
MSTRG.75	334	609	731	824	996	779	1000	1446	1435	926
MSTRG.750	26	16	30	31	27	25	12	12	25	91
MSTRG.751	31	45	27	34	23	38	40	3	27	108
MSTRG.752	0	0	0	0	0	0	0	0	0	0
MSTRG.753	7	7	9	7	7	8	6	3	5	11
MSTRG.754	5	4	14	7	25	1	4	3	7	110
MSTRG.755	1079	1075	1272	1112	2874	746	867	1279	1355	986
MSTRG.756	84	47	45	26	61	39	41	10	38	36
MSTRG.757	3781	3805	4078	4122	3258	3078	2981	1660	2666	3608
MSTRG.758	0	0	0	0	0	0	0	0	0	0
MSTRG.759	22	22	32	24	11	28	29	12	30	28
MSTRG.76	7	5	5	4	8	9	5	6	8	13
MSTRG.760	1329	1204	1042	864	390	1188	988	926	838	360
MSTRG.761	1	4	1	2	0	4	2	1	2	0
MSTRG.762	68	77	76	92	77	88	65	82	68	74
MSTRG.763	312	360	364	418	618	315	322	363	471	379
MSTRG.764	230	166	169	147	219	172	130	114	139	115
MSTRG.765	5	1	4	4	2	4	1	2	5	1
MSTRG.766	0	4	2	0	0	2	1	2	2	0
MSTRG.767	0	0	0	0	0	0	0	0	0	0
MSTRG.768	2	0	1	0	3	2	1	2	4	19
MSTRG.769	6	5	7	11	5	5	2	7	6	0
MSTRG.77	1	0	0	1	1	1	4	0	1	2
MSTRG.770	628	477	346	329	144	516	355	262	265	189
MSTRG.771	499	365	285	304	250	587	363	116	330	372
MSTRG.772	5	10	6	18	78	6	9	17	14	16
MSTRG.773	20	16	8	11	3	17	16	6	9	21
MSTRG.774	0	0	0	0	0	0	0	0	2	0
MSTRG.775	0	0	0	0	128	2	0	0	0	528
MSTRG.776	63	45	23	23	23	94	48	44	44	43
MSTRG.777	12	8	2	7	5	19	11	3	7	13
MSTRG.778	2567	2387	2224	2369	2685	3431	2397	2134	2778	3128
MSTRG.779	36	33	31	29	43	31	42	24	41	28
MSTRG.78	1308	1579	1710	1938	2133	1442	1703	2321	2263	2970
MSTRG.780	0	0	0	0	1	0	0	0	0	1
MSTRG.781	17	26	40	47	38	20	29	15	26	155
MSTRG.782	850	605	490	446	322	896	487	65	262	316
MSTRG.783	4181	3787	4124	4611	3862	5745	4015	4463	4858	4871
MSTRG.784	1	1	1	2	1	3	0	0	4	0
MSTRG.785	352	250	287	233	101	271	194	162	197	136
MSTRG.786	1872	1835	1893	1652	1227	2057	2364	2035	2239	534
MSTRG.787	488	266	181	122	75	245	182	67	152	63
MSTRG.788	163	188	153	199	140	150	143	217	141	109
MSTRG.789	258	233	149	126	89	138	112	101	70	55
MSTRG.79	2365	2246	2334	2024	1784	2197	1906	1605	1973	1881
MSTRG.790	507	462	522	636	795	463	440	627	629	466
MSTRG.791	3042	2385	2412	2253	5412	2264	2579	3096	3133	5077
MSTRG.792	324	230	248	266	175	253	210	224	209	135
MSTRG.793	372	368	347	349	285	281	306	302	325	249
MSTRG.794	962	850	870	823	608	780	847	856	931	714
MSTRG.795	19	15	12	10	4	15	13	14	14	18
MSTRG.796	0	0	0	0	0	0	0	0	0	0
MSTRG.797	90	98	93	76	119	53	90	118	101	132
MSTRG.798	3	3	7	3	1	1	3	8	6	4
MSTRG.799	20	27	38	29	21	32	27	35	50	25
MSTRG.8	0	0	0	0	0	0	0	0	0	0
MSTRG.80	36	21	23	18	13	18	24	14	14	28
MSTRG.800	1175	1410	1375	1417	815	1034	1197	1530	1085	407
MSTRG.801	622	669	672	668	834	555	661	681	713	1040
MSTRG.802	2	3	2	3	4	5	5	6	3	8
MSTRG.803	27	30	12	25	175	13	19	15	35	102
MSTRG.804	1028	1164	1137	1170	1141	1269	1154	1254	1237	1478
MSTRG.805	152	157	169	200	164	128	211	140	222	105
MSTRG.806	1291	978	812	846	389	1076	879	877	748	286
MSTRG.807	4	10	52	42	25	21	12	41	30	64
MSTRG.808	235	441	527	992	1596	474	671	1178	1084	1975
MSTRG.809	162	207	211	307	870	199	209	551	494	257
MSTRG.81	0	0	1	1	4	3	2	1	1	21
MSTRG.810	0	0	0	0	0	0	0	0	0	0
MSTRG.811	0	0	0	0	0	0	0	0	0	0
MSTRG.812	0	0	0	0	0	0	0	0	0	0
MSTRG.813	1	0	0	0	1	0	0	0	1	7
MSTRG.814	259	221	216	161	167	325	202	182	224	239
MSTRG.815	0	0	0	0	0	0	0	0	0	0
MSTRG.816	4	6	27	18	11	9	8	14	7	9
MSTRG.817	57	77	46	57	53	81	95	45	59	16
MSTRG.818	74	80	94	93	97	69	107	73	121	103
MSTRG.819	0	0	1	0	0	0	0	0	0	2
MSTRG.82	17	23	40	38	215	20	64	43	100	602
MSTRG.820	545	446	366	318	134	376	349	280	300	148
MSTRG.821	19	13	9	18	9	12	17	12	14	5
MSTRG.822	2	5	6	10	10	4	2	10	8	7
MSTRG.823	0	0	0	0	0	0	0	0	0	0
MSTRG.824	0	0	0	0	0	0	0	0	0	0
MSTRG.825	0	0	0	0	0	0	1	0	0	0
MSTRG.826	57	29	33	41	53	47	34	20	46	48
MSTRG.827	31	41	28	20	19	39	21	25	34	39
MSTRG.828	0	0	0	1	7	0	1	3	1	5
MSTRG.829	79	154	321	359	1455	138	252	338	398	2061
MSTRG.83	1	0	0	0	5	0	0	0	1	9
MSTRG.830	0	0	1	1	0	0	1	0	0	0
MSTRG.831	19	29	38	59	96	11	32	26	55	100
MSTRG.832	0	2	3	2	2	2	0	3	2	3
MSTRG.833	534	509	589	696	2958	574	709	977	1136	3914
MSTRG.834	4	3	3	6	16	9	6	6	5	17
MSTRG.835	5	3	2	2	0	0	0	0	0	0
MSTRG.836	58	39	26	8	0	7	13	5	0	0
MSTRG.837	528	636	578	727	432	471	472	590	630	572
MSTRG.838	19	20	19	22	15	19	17	13	29	16
MSTRG.839	143	160	163	148	182	135	158	104	126	169
MSTRG.84	358	383	521	627	730	314	459	596	839	1308
MSTRG.840	438	395	331	414	451	416	396	436	500	370
MSTRG.841	27	28	17	25	36	36	28	28	29	56
MSTRG.842	1	3	6	7	10	1	6	10	9	1
MSTRG.843	463	355	363	300	224	346	312	264	339	247
MSTRG.844	0	0	0	0	0	0	0	0	0	0
MSTRG.845	0	0	2	1	0	0	2	0	3	2
MSTRG.846	0	0	0	0	0	0	0	0	0	0
MSTRG.847	1	7	12	5	6	4	15	8	6	2
MSTRG.848	372	334	402	404	408	390	326	315	387	268
MSTRG.849	1225	1144	907	932	689	1453	1066	575	1015	1184
MSTRG.85	919	1165	1046	1141	746	712	1074	1578	1213	324
MSTRG.850	387	322	311	400	197	390	277	324	340	206
MSTRG.851	0	0	0	1	0	0	0	0	0	0
MSTRG.852	0	1	1	0	0	3	3	0	1	0
MSTRG.853	474	445	388	460	369	476	450	576	554	328
MSTRG.854	6	2	2	3	3	5	1	11	8	38
MSTRG.855	10	22	3	15	6	6	18	4	13	2
MSTRG.856	18	23	23	26	31	30	44	66	51	118
MSTRG.857	0	0	0	0	0	0	0	0	0	3
MSTRG.858	1	1	1	1	0	0	0	0	2	10
MSTRG.859	0	1	0	0	0	1	0	0	0	0
MSTRG.86	238	231	215	186	141	174	231	286	204	178
MSTRG.860	6	3	2	10	5	3	9	2	3	4
MSTRG.861	1	0	1	0	1	0	4	2	2	12
MSTRG.862	14395	13670	15869	15187	20544	13195	14481	14414	17198	33262
MSTRG.863	1	0	0	0	1	1	0	0	1	0
MSTRG.864	282	358	850	686	2560	391	547	736	662	5965
MSTRG.865	124	53	33	16	3	45	3	13	6	3
MSTRG.866	756	788	605	794	1230	1057	960	1497	1324	1685
MSTRG.867	1139	992	832	803	791	920	820	670	816	911
MSTRG.868	57	65	95	71	14	5	6	0	1	0
MSTRG.869	0	11	62	2	1	115	100	18	144	38
MSTRG.87	0	0	0	0	0	0	0	0	0	0
MSTRG.870	0	0	0	0	0	1	0	0	0	0
MSTRG.871	0	0	0	0	0	0	0	0	0	0
MSTRG.872	0	0	1	0	0	2	0	0	1	1
MSTRG.873	1	0	0	0	0	0	0	0	0	0
MSTRG.874	1306	1298	1349	1267	816	1753	1400	872	1186	1467
MSTRG.875	0	0	0	0	0	0	0	0	0	0
MSTRG.876	4	4	6	7	6	5	9	2	4	4
MSTRG.877	2190	2954	3425	3083	1201	2454	3236	3614	3541	1599
MSTRG.878	187	204	130	144	186	165	180	252	204	208
MSTRG.879	486	425	390	360	244	384	282	219	208	215
MSTRG.88	57	63	55	90	34	50	41	68	62	45
MSTRG.880	692	651	394	358	366	386	569	480	399	517
MSTRG.881	96	169	236	279	145	182	231	324	396	81
MSTRG.882	1138	1517	1501	1652	1669	1194	1568	1947	1735	1001
MSTRG.883	2	7	9	4	5	1	5	7	6	1
MSTRG.884	1	2	2	2	2	1	3	2	1	1
MSTRG.885	4	2	5	3	13	9	4	10	11	32
MSTRG.886	0	0	1	0	0	9	1	0	4	1
MSTRG.887	0	0	0	0	0	0	0	0	0	0
MSTRG.888	0	3	15	0	0	59	18	4	19	33
MSTRG.889	0	0	1	0	0	33	4	0	6	11
MSTRG.89	4	2	1	1	0	5	2	4	4	1
MSTRG.890	0	0	16	0	0	71	15	1	8	20
MSTRG.891	10	5	17	9	21	15	14	32	21	13
MSTRG.892	0	0	0	0	0	0	0	0	0	0
MSTRG.893	1899	1867	1456	2261	1806	1951	1670	1286	1931	1607
MSTRG.894	1	0	0	3	1	0	1	1	1	0
MSTRG.895	2751	2204	2020	1679	892	1856	2052	2210	1688	846
MSTRG.896	0	0	0	1	0	2	1	4	1	5
MSTRG.897	157	125	99	99	87	116	111	132	133	137
MSTRG.898	171	177	135	173	255	250	204	289	248	317
MSTRG.899	116	160	146	193	191	132	194	214	211	156
MSTRG.9	2	2	2	1	1	0	4	0	2	5
MSTRG.90	0	2	3	3	1	7	2	1	0	0
MSTRG.900	2	0	3	2	1	2	4	5	1	2
MSTRG.901	10	4	1	1	0	3	4	4	1	0
MSTRG.902	248	239	183	240	45	176	215	240	187	53
MSTRG.903	3	1	1	1	1	1	1	2	5	1
MSTRG.904	3961	3463	3452	4216	2632	4704	3168	2600	3578	2788
MSTRG.905	101	182	286	568	1495	88	117	238	293	205
MSTRG.906	387	389	411	438	369	474	434	402	478	324
MSTRG.907	0	0	1	3	0	1	2	0	1	2
MSTRG.908	675	582	279	362	167	509	470	381	628	390
MSTRG.909	24	14	16	17	14	33	18	15	7	7
MSTRG.91	0	1	0	0	0	0	0	0	0	0
MSTRG.910	0	0	2	1	1	0	0	1	1	0
MSTRG.911	24	22	36	47	58	30	33	54	69	83
MSTRG.912	6177	5954	4794	3423	1632	4148	4242	3330	2558	1628
MSTRG.913	851	886	1008	751	463	571	824	767	786	295
MSTRG.914	1649	1346	1357	1193	790	1338	1277	1160	1039	740
MSTRG.915	0	0	0	0	1	0	6	2	0	0
MSTRG.916	0	1	0	0	1	15	30	33	18	2
MSTRG.917	1754	1740	1879	1865	1800	1895	2081	1918	2027	1677
MSTRG.918	0	1	0	1	0	0	0	2	1	0
MSTRG.919	2	0	0	0	0	0	0	0	0	1
MSTRG.92	3978	4524	5413	7034	17040	4546	4070	4317	4605	8127
MSTRG.920	24	21	22	10	24	10	11	9	10	9
MSTRG.921	48	60	62	55	55	52	79	37	54	52
MSTRG.922	1567	2496	3119	4496	4012	1959	3192	5109	4577	1305
MSTRG.923	60	91	46	70	81	56	76	120	90	91
MSTRG.924	1386	1325	1366	1262	1035	1133	1139	1788	1157	937
MSTRG.925	64	84	98	150	314	55	67	132	106	171
MSTRG.926	0	0	0	0	0	0	0	0	0	0
MSTRG.927	8	5	2	9	4	4	7	12	6	7
MSTRG.928	0	0	0	0	1	0	0	0	0	0
MSTRG.929	3866	3967	3480	3865	2849	3499	3457	4320	4015	2369
MSTRG.93	1781	1804	1408	1107	664	1416	1511	1102	1057	829
MSTRG.930	651	650	569	442	284	461	534	345	467	234
MSTRG.931	823	922	902	833	840	620	880	915	846	549
MSTRG.932	28	44	56	52	67	33	57	94	63	124
MSTRG.933	902	781	856	802	807	947	702	1212	794	841
MSTRG.934	323	299	302	275	108	212	310	235	258	121
MSTRG.935	2	1	1	5	1	9	6	0	1	0
MSTRG.936	1396	1315	1209	1058	1117	1295	1363	1244	1288	855
MSTRG.937	2	5	1	2	0	0	0	0	1	2
MSTRG.938	1	19	1	2	0	2	19	0	0	2
MSTRG.939	1	2	0	0	0	0	0	0	0	0
MSTRG.94	1568	1385	1356	1110	505	1679	1272	892	997	1024
MSTRG.940	21	28	47	25	13	40	38	31	16	32
MSTRG.941	56	49	66	31	29	72	63	64	40	47
MSTRG.942	154	117	110	123	116	257	246	295	251	227
MSTRG.943	0	1	3	3	11	1	3	2	7	22
MSTRG.944	4	2	3	2	0	3	1	4	1	2
MSTRG.945	178	187	275	294	485	334	324	308	410	500
MSTRG.946	89	101	93	147	145	151	151	128	185	189
MSTRG.947	1106	1071	1059	1247	881	1467	1223	1309	1321	1246
MSTRG.948	6060	6694	7275	4950	3321	11999	9903	10614	6980	3124
MSTRG.949	753	859	669	703	373	1060	964	764	855	680
MSTRG.95	0	0	0	0	0	0	0	0	0	0
MSTRG.950	0	0	1	0	0	0	0	0	1	0
MSTRG.951	0	0	0	0	0	0	0	0	0	0
MSTRG.952	263	225	192	169	79	276	165	160	122	125
MSTRG.953	1060	911	1076	1115	1583	982	913	1494	1057	1413
MSTRG.954	1048	894	780	698	408	879	717	577	645	531
MSTRG.955	9	7	10	17	40	8	14	2	10	9
MSTRG.956	0	0	1	0	1	2	3	0	2	0
MSTRG.957	209	358	438	638	1376	281	517	839	901	1144
MSTRG.958	0	0	0	0	1	0	0	1	0	1
MSTRG.959	1	0	0	0	0	0	0	0	0	0
MSTRG.96	270	237	220	207	127	347	223	136	166	191
MSTRG.960	1279	1062	1158	854	771	858	1095	411	994	540
MSTRG.961	0	0	0	0	0	0	0	0	0	0
MSTRG.962	314	240	222	209	179	241	207	194	217	106
MSTRG.963	13	16	17	12	7	18	15	4	10	7
MSTRG.964	1275	1017	1093	928	1586	1216	870	458	774	1823
MSTRG.965	2	9	21	33	0	38	13	11	29	4
MSTRG.966	3	1	3	2	2	6	3	4	3	2
MSTRG.967	0	0	0	0	0	0	0	1	0	0
MSTRG.968	1	4	2	9	10	7	4	10	14	18
MSTRG.969	1610	1103	1150	1330	983	1344	1058	1071	1225	1080
MSTRG.97	0	0	0	0	0	0	0	0	0	0
MSTRG.970	0	0	0	0	0	0	0	0	0	0
MSTRG.971	311	239	215	257	102	276	236	161	247	126
MSTRG.972	0	0	0	0	0	0	0	0	0	0
MSTRG.973	3	1	2	5	4	4	1	3	5	2
MSTRG.974	3	6	1	7	4	7	0	6	7	1
MSTRG.975	324	462	398	530	363	357	476	750	492	201
MSTRG.976	18	17	10	21	12	12	31	11	19	27
MSTRG.977	11	8	9	10	5	18	19	11	12	3
MSTRG.978	240	211	345	440	590	529	332	631	746	416
MSTRG.979	0	0	0	0	0	0	0	0	0	0
MSTRG.98	4	3	1	1	1	5	0	1	1	1
MSTRG.980	2	1	0	2	4	3	1	0	2	0
MSTRG.981	0	0	0	0	0	0	0	0	0	3
MSTRG.982	2	1	2	0	1	1	5	5	1	1
MSTRG.983	0	0	0	1	0	0	0	0	0	2
MSTRG.984	421	415	517	569	1015	798	715	589	926	557
MSTRG.985	0	0	2	0	1	0	0	0	1	0
MSTRG.986	1	0	1	5	2	1	3	1	8	3
MSTRG.987	6	4	2	3	1	1	2	0	0	0
MSTRG.988	1	1	1	1	0	1	0	0	0	0
MSTRG.989	0	0	0	0	0	0	0	0	0	0
MSTRG.99	6	6	9	5	1	9	2	2	2	1
MSTRG.990	0	0	0	0	0	0	0	0	0	0
MSTRG.991	12	19	10	4	8	9	8	10	9	14
MSTRG.992	2	1	0	1	0	0	1	0	2	0
MSTRG.993	5	11	10	9	16	9	8	4	6	2
MSTRG.994	26	29	10	23	24	35	33	3	26	92
MSTRG.995	1212	907	951	1040	967	937	785	978	925	563
MSTRG.996	0	0	0	1	0	1	0	0	1	1
MSTRG.997	0	0	2	2	0	0	4	1	4	2
MSTRG.998	2	0	0	1	1	0	2	1	0	3
MSTRG.999	190	148	119	77	112	133	94	51	91	415
__no_feature	68012	64527	64590	67075	53045	70384	64679	48276	62026	66384
__ambiguous	7053	7227	6454	7645	7492	6957	7382	8869	7733	7332
__too_low_aQual	0	0	0	0	0	0	0	0	0	0
__not_aligned	47189	70951	75288	51280	51987	49874	76282	59252	44924	43472
__alignment_not_unique	12466	11835	9970	10830	8966	11601	10729	10612	10145	9760
